<File>
  <FileName>FrontendApplication.cpp</FileName>
  <FileType>8</FileType>
  <FilePath>../../gui/src/common/frontendapplication.cpp</FilePath>
</File>
<File>
  <FileName>imageContainer.cpp</FileName>
  <FileType>8</FileType>
  <FilePath>../../gui/src/containers/imagecontainer.cpp</FilePath>
</File>
<File>
  <FileName>Model.cpp</FileName>
  <FileType>8</FileType>
  <FilePath>../../gui/src/model/model.cpp</FilePath>
</File>
<File>
  <FileName>Screen1Presenter.cpp</FileName>
  <FileType>8</FileType>
  <FilePath>../../gui/src/screen1_screen/screen1presenter.cpp</FilePath>
</File>
<File>
  <FileName>Screen1View.cpp</FileName>
  <FileType>8</FileType>
  <FilePath>../../gui/src/screen1_screen/screen1view.cpp</FilePath>
</File>
<File>
  <FileName>textCenterContainer.cpp</FileName>
  <FileType>8</FileType>
  <FilePath>../../gui/src/containers/textcentercontainer.cpp</FilePath>
</File>
<File>
  <FileName>textContainer.cpp</FileName>
  <FileType>8</FileType>
  <FilePath>../../gui/src/containers/textcontainer.cpp</FilePath>
</File>
<File>
  <FileName>alert.cpp</FileName>
  <FileType>8</FileType>
  <FilePath>../../generated/images/src/icons/alert.cpp</FilePath>
</File>
<File>
  <FileName>ApplicationFontProvider.cpp</FileName>
  <FileType>8</FileType>
  <FilePath>../../generated/fonts/src/applicationfontprovider.cpp</FilePath>
</File>
<File>
  <FileName>background.cpp</FileName>
  <FileType>8</FileType>
  <FilePath>../../generated/images/src/background.cpp</FilePath>
</File>
<File>
  <FileName>BitmapDatabase.cpp</FileName>
  <FileType>8</FileType>
  <FilePath>../../generated/images/src/bitmapdatabase.cpp</FilePath>
</File>
<File>
  <FileName>blue_backgrounds_main_bg_texture_800x480px.cpp</FileName>
  <FileType>8</FileType>
  <FilePath>../../generated/images/src/__designer/blue_backgrounds_main_bg_texture_800x480px.cpp</FilePath>
</File>
<File>
  <FileName>button.cpp</FileName>
  <FileType>8</FileType>
  <FilePath>../../generated/images/src/button.cpp</FilePath>
</File>
<File>
  <FileName>button_pressed.cpp</FileName>
  <FileType>8</FileType>
  <FilePath>../../generated/images/src/button_pressed.cpp</FilePath>
</File>
<File>
  <FileName>calendar.cpp</FileName>
  <FileType>8</FileType>
  <FilePath>../../generated/images/src/icons/calendar.cpp</FilePath>
</File>
<File>
  <FileName>document.cpp</FileName>
  <FileType>8</FileType>
  <FilePath>../../generated/images/src/icons/document.cpp</FilePath>
</File>
<File>
  <FileName>email.cpp</FileName>
  <FileType>8</FileType>
  <FilePath>../../generated/images/src/icons/email.cpp</FilePath>
</File>
<File>
  <FileName>folder.cpp</FileName>
  <FileType>8</FileType>
  <FilePath>../../generated/images/src/icons/folder.cpp</FilePath>
</File>
<File>
  <FileName>Font_Roboto_Black_58_4bpp.cpp</FileName>
  <FileType>8</FileType>
  <FilePath>../../generated/fonts/src/font_roboto_black_58_4bpp.cpp</FilePath>
</File>
<File>
  <FileName>Font_Roboto_Medium_20_4bpp.cpp</FileName>
  <FileType>8</FileType>
  <FilePath>../../generated/fonts/src/font_roboto_medium_20_4bpp.cpp</FilePath>
</File>
<File>
  <FileName>Font_Roboto_Regular_17_4bpp.cpp</FileName>
  <FileType>8</FileType>
  <FilePath>../../generated/fonts/src/font_roboto_regular_17_4bpp.cpp</FilePath>
</File>
<File>
  <FileName>Font_Roboto_Regular_50_4bpp.cpp</FileName>
  <FileType>8</FileType>
  <FilePath>../../generated/fonts/src/font_roboto_regular_50_4bpp.cpp</FilePath>
</File>
<File>
  <FileName>FontGetters.cpp</FileName>
  <FileType>8</FileType>
  <FilePath>../../generated/fonts/src/fontgetters.cpp</FilePath>
</File>
<File>
  <FileName>FrontendApplicationBase.cpp</FileName>
  <FileType>8</FileType>
  <FilePath>../../generated/gui_generated/src/common/frontendapplicationbase.cpp</FilePath>
</File>
<File>
  <FileName>home.cpp</FileName>
  <FileType>8</FileType>
  <FilePath>../../generated/images/src/icons/home.cpp</FilePath>
</File>
<File>
  <FileName>imageContainerBase.cpp</FileName>
  <FileType>8</FileType>
  <FilePath>../../generated/gui_generated/src/containers/imagecontainerbase.cpp</FilePath>
</File>
<File>
  <FileName>inbox.cpp</FileName>
  <FileType>8</FileType>
  <FilePath>../../generated/images/src/icons/inbox.cpp</FilePath>
</File>
<File>
  <FileName>Kerning_Roboto_Black_58_4bpp.cpp</FileName>
  <FileType>8</FileType>
  <FilePath>../../generated/fonts/src/kerning_roboto_black_58_4bpp.cpp</FilePath>
</File>
<File>
  <FileName>Kerning_Roboto_Medium_20_4bpp.cpp</FileName>
  <FileType>8</FileType>
  <FilePath>../../generated/fonts/src/kerning_roboto_medium_20_4bpp.cpp</FilePath>
</File>
<File>
  <FileName>Kerning_Roboto_Regular_17_4bpp.cpp</FileName>
  <FileType>8</FileType>
  <FilePath>../../generated/fonts/src/kerning_roboto_regular_17_4bpp.cpp</FilePath>
</File>
<File>
  <FileName>Kerning_Roboto_Regular_50_4bpp.cpp</FileName>
  <FileType>8</FileType>
  <FilePath>../../generated/fonts/src/kerning_roboto_regular_50_4bpp.cpp</FilePath>
</File>
<File>
  <FileName>LanguageGb.cpp</FileName>
  <FileType>8</FileType>
  <FilePath>../../generated/texts/src/languagegb.cpp</FilePath>
</File>
<File>
  <FileName>map.cpp</FileName>
  <FileType>8</FileType>
  <FilePath>../../generated/images/src/icons/map.cpp</FilePath>
</File>
<File>
  <FileName>mask.cpp</FileName>
  <FileType>8</FileType>
  <FilePath>../../generated/images/src/mask.cpp</FilePath>
</File>
<File>
  <FileName>movie.cpp</FileName>
  <FileType>8</FileType>
  <FilePath>../../generated/images/src/icons/movie.cpp</FilePath>
</File>
<File>
  <FileName>news.cpp</FileName>
  <FileType>8</FileType>
  <FilePath>../../generated/images/src/icons/news.cpp</FilePath>
</File>
<File>
  <FileName>radio_button_selected.cpp</FileName>
  <FileType>8</FileType>
  <FilePath>../../generated/images/src/radio_button_selected.cpp</FilePath>
</File>
<File>
  <FileName>radio_button_selected_pressed.cpp</FileName>
  <FileType>8</FileType>
  <FilePath>../../generated/images/src/radio_button_selected_pressed.cpp</FilePath>
</File>
<File>
  <FileName>radio_button_unselected.cpp</FileName>
  <FileType>8</FileType>
  <FilePath>../../generated/images/src/radio_button_unselected.cpp</FilePath>
</File>
<File>
  <FileName>radio_button_unselected_pressed.cpp</FileName>
  <FileType>8</FileType>
  <FilePath>../../generated/images/src/radio_button_unselected_pressed.cpp</FilePath>
</File>
<File>
  <FileName>Screen1ViewBase.cpp</FileName>
  <FileType>8</FileType>
  <FilePath>../../generated/gui_generated/src/screen1_screen/screen1viewbase.cpp</FilePath>
</File>
<File>
  <FileName>scroll_wheel_frame.cpp</FileName>
  <FileType>8</FileType>
  <FilePath>../../generated/images/src/scroll_wheel_frame.cpp</FilePath>
</File>
<File>
  <FileName>scrollBg.cpp</FileName>
  <FileType>8</FileType>
  <FilePath>../../generated/images/src/scrollbg.cpp</FilePath>
</File>
<File>
  <FileName>sound.cpp</FileName>
  <FileType>8</FileType>
  <FilePath>../../generated/images/src/icons/sound.cpp</FilePath>
</File>
<File>
  <FileName>Table_Roboto_Black_58_4bpp.cpp</FileName>
  <FileType>8</FileType>
  <FilePath>../../generated/fonts/src/table_roboto_black_58_4bpp.cpp</FilePath>
</File>
<File>
  <FileName>Table_Roboto_Medium_20_4bpp.cpp</FileName>
  <FileType>8</FileType>
  <FilePath>../../generated/fonts/src/table_roboto_medium_20_4bpp.cpp</FilePath>
</File>
<File>
  <FileName>Table_Roboto_Regular_17_4bpp.cpp</FileName>
  <FileType>8</FileType>
  <FilePath>../../generated/fonts/src/table_roboto_regular_17_4bpp.cpp</FilePath>
</File>
<File>
  <FileName>Table_Roboto_Regular_50_4bpp.cpp</FileName>
  <FileType>8</FileType>
  <FilePath>../../generated/fonts/src/table_roboto_regular_50_4bpp.cpp</FilePath>
</File>
<File>
  <FileName>textCenterContainerBase.cpp</FileName>
  <FileType>8</FileType>
  <FilePath>../../generated/gui_generated/src/containers/textcentercontainerbase.cpp</FilePath>
</File>
<File>
  <FileName>textContainerBase.cpp</FileName>
  <FileType>8</FileType>
  <FilePath>../../generated/gui_generated/src/containers/textcontainerbase.cpp</FilePath>
</File>
<File>
  <FileName>Texts.cpp</FileName>
  <FileType>8</FileType>
  <FilePath>../../generated/texts/src/texts.cpp</FilePath>
</File>
<File>
  <FileName>tools.cpp</FileName>
  <FileType>8</FileType>
  <FilePath>../../generated/images/src/icons/tools.cpp</FilePath>
</File>
<File>
  <FileName>trash.cpp</FileName>
  <FileType>8</FileType>
  <FilePath>../../generated/images/src/icons/trash.cpp</FilePath>
</File>
<File>
  <FileName>TypedTextDatabase.cpp</FileName>
  <FileType>8</FileType>
  <FilePath>../../generated/texts/src/typedtextdatabase.cpp</FilePath>
</File>
<File>
  <FileName>user.cpp</FileName>
  <FileType>8</FileType>
  <FilePath>../../generated/images/src/icons/user.cpp</FilePath>
</File>
