15:26:07 **** Incremental Build of configuration Debug for project Analog Engine ****
make all 
Building file: ../Src/main.c
Invoking: MCU GCC Compiler
/Users/christiansager/Documents/Klanghabitat_Quantum/firmware/STM32_Workspace/Analog Engine/Debug
arm-none-eabi-gcc -mcpu=cortex-m4 -mthumb -mfloat-abi=hard -mfpu=fpv4-sp-d16 '-D__weak=__attribute__((weak))' '-D__packed="__attribute__((__packed__))"' -DUSE_HAL_DRIVER -DSTM32F303xE -I"/Users/christiansager/Documents/Klanghabitat_Quantum/firmware/STM32_Workspace/Analog Engine/Inc" -I"/Users/christiansager/Documents/Klanghabitat_Quantum/firmware/STM32_Workspace/Analog Engine/Drivers/STM32F3xx_HAL_Driver/Inc" -I"/Users/christiansager/Documents/Klanghabitat_Quantum/firmware/STM32_Workspace/Analog Engine/Drivers/STM32F3xx_HAL_Driver/Inc/Legacy" -I"/Users/christiansager/Documents/Klanghabitat_Quantum/firmware/STM32_Workspace/Analog Engine/Drivers/CMSIS/Device/ST/STM32F3xx/Include" -I"/Users/christiansager/Documents/Klanghabitat_Quantum/firmware/STM32_Workspace/Analog Engine/Drivers/CMSIS/Include" -I"/Users/christiansager/Documents/Klanghabitat_Quantum/firmware/STM32_Workspace/Analog Engine/Middlewares/ST/STM32_USB_Device_Library/Core/Inc" -I"/Users/christiansager/Documents/Klanghabitat_Quantum/firmware/STM32_Workspace/Analog Engine/Middlewares/ST/STM32_USB_Device_Library/Class/CDC/Inc"  -Og -g3 -Wall -fmessage-length=0 -ffunction-sections -c -fmessage-length=0 -MMD -MP -MF"Src/main.d" -MT"Src/main.o" -o "Src/main.o" "../Src/main.c"
../Src/main.c: In function 'main':
../Src/main.c:208:31: warning: pointer targets in passing argument 2 of 'HAL_UART_Transmit' differ in signedness [-Wpointer-sign]
    HAL_UART_Transmit(&huart1, transmit, 5, 10);
                               ^~~~~~~~
In file included from /Users/christiansager/Documents/Klanghabitat_Quantum/firmware/STM32_Workspace/Analog Engine/Inc/stm32f3xx_hal_conf.h:316:0,
                 from /Users/christiansager/Documents/Klanghabitat_Quantum/firmware/STM32_Workspace/Analog Engine/Drivers/STM32F3xx_HAL_Driver/Inc/stm32f3xx_hal.h:46,
                 from ../Src/main.c:51:
/Users/christiansager/Documents/Klanghabitat_Quantum/firmware/STM32_Workspace/Analog Engine/Drivers/STM32F3xx_HAL_Driver/Inc/stm32f3xx_hal_uart.h:1351:19: note: expected 'uint8_t * {aka unsigned char *}' but argument is of type 'char *'
 HAL_StatusTypeDef HAL_UART_Transmit(UART_HandleTypeDef *huart, uint8_t *pData, uint16_t Size, uint32_t Timeout);
                   ^~~~~~~~~~~~~~~~~
../Src/main.c:153:12: warning: unused variable 'valByte' [-Wunused-variable]
   uint16_t valByte;
            ^~~~~~~
../Src/main.c:151:12: warning: unused variable 'adc' [-Wunused-variable]
   uint32_t adc[2], buffer[2];
            ^~~
../Src/main.c:150:8: warning: unused variable 'test' [-Wunused-variable]
   char test;
        ^~~~
../Src/main.c:146:8: warning: unused variable 'str' [-Wunused-variable]
   char str[12];
        ^~~
Finished building: ../Src/main.c
 
Building target: Analog Engine.elf
Invoking: MCU GCC Linker
arm-none-eabi-gcc -mcpu=cortex-m4 -mthumb -mfloat-abi=hard -mfpu=fpv4-sp-d16 -specs=nosys.specs -specs=nano.specs -T"../STM32F303RETx_FLASH.ld" -Wl,-Map=output.map -Wl,--gc-sections -o "Analog Engine.elf" @"objects.list"   -lm
Finished building target: Analog Engine.elf
 
/Library/Developer/CommandLineTools/usr/bin/make --no-print-directory post-build
Generating binary and Printing size information:
arm-none-eabi-objcopy -O binary "Analog Engine.elf" "Analog Engine.bin"
arm-none-eabi-size "Analog Engine.elf"
   text	   data	    bss	    dec	    hex	filename
  24600	    360	   6944	  31904	   7ca0	Analog Engine.elf
 

15:26:08 Build Finished (took 1s.354ms)

