08:24:16 **** Incremental Build of configuration Debug for project Display_Development ****
make all 
Building file: ../STemWin/App/GUI_App.c
Invoking: MCU GCC Compiler
/Users/christiansager/Documents/Klanghabitat_Quantum/firmware/STM32_Workspace/Display_Development/Debug
arm-none-eabi-gcc -mcpu=cortex-m4 -mthumb -mfloat-abi=hard -mfpu=fpv4-sp-d16 '-D__weak=__attribute__((weak))' '-D__packed="__attribute__((__packed__))"' -DUSE_HAL_DRIVER -DSTM32F469xx -I"/Users/christiansager/Documents/Klanghabitat_Quantum/firmware/STM32_Workspace/Display_Development/STemWin/Target" -I"/Users/christiansager/Documents/Klanghabitat_Quantum/firmware/STM32_Workspace/Display_Development/STemWin/App" -I"/Users/christiansager/Documents/Klanghabitat_Quantum/firmware/STM32_Workspace/Display_Development/Inc" -I"/Users/christiansager/Documents/Klanghabitat_Quantum/firmware/STM32_Workspace/Display_Development/Drivers/STM32F4xx_HAL_Driver/Inc" -I"/Users/christiansager/Documents/Klanghabitat_Quantum/firmware/STM32_Workspace/Display_Development/Drivers/STM32F4xx_HAL_Driver/Inc/Legacy" -I"/Users/christiansager/Documents/Klanghabitat_Quantum/firmware/STM32_Workspace/Display_Development/Drivers/BSP/Components/otm8009a" -I"/Users/christiansager/Documents/Klanghabitat_Quantum/firmware/STM32_Workspace/Display_Development/Drivers/CMSIS/Device/ST/STM32F4xx/Include" -I"/Users/christiansager/Documents/Klanghabitat_Quantum/firmware/STM32_Workspace/Display_Development/Middlewares/ST/STemWin/inc" -I"/Users/christiansager/Documents/Klanghabitat_Quantum/firmware/STM32_Workspace/Display_Development/Drivers/BSP/Components/Common" -I"/Users/christiansager/Documents/Klanghabitat_Quantum/firmware/STM32_Workspace/Display_Development/Drivers/CMSIS/Include" -I"/Users/christiansager/Documents/Klanghabitat_Quantum/firmware/STM32_Workspace/Display_Development/Middlewares/ST/STM32_USB_Device_Library/Core/Inc" -I"/Users/christiansager/Documents/Klanghabitat_Quantum/firmware/STM32_Workspace/Display_Development/Middlewares/ST/STM32_USB_Device_Library/Class/CDC/Inc"  -Og -g3 -Wall -fmessage-length=0 -ffunction-sections -c -fmessage-length=0 -MMD -MP -MF"STemWin/App/GUI_App.d" -MT"STemWin/App/GUI_App.o" -o "STemWin/App/GUI_App.o" "../STemWin/App/GUI_App.c"
../STemWin/App/GUI_App.c: In function '_cbWin':
../STemWin/App/GUI_App.c:96:22: warning: passing argument 1 of 'GUI_DispStringAt' makes pointer from integer without a cast [-Wint-conversion]
     GUI_DispStringAt(Value, 400, 240);
                      ^~~~~
In file included from /Users/christiansager/Documents/Klanghabitat_Quantum/firmware/STM32_Workspace/Display_Development/Inc/main.h:58:0,
                 from ../STemWin/App/GUI_App.h:45,
                 from ../STemWin/App/GUI_App.c:45:
/Users/christiansager/Documents/Klanghabitat_Quantum/firmware/STM32_Workspace/Display_Development/Middlewares/ST/STemWin/inc/GUI.h:756:7: note: expected 'const char *' but argument is of type 'char'
 void  GUI_DispStringAt         (const char * s, int x, int y);
       ^~~~~~~~~~~~~~~~
../STemWin/App/GUI_App.c: In function 'CDC_ReceiveCallBack':
../STemWin/App/GUI_App.c:105:7: warning: assignment makes integer from pointer without a cast [-Wint-conversion]
 Value = &buf;
       ^
Finished building: ../STemWin/App/GUI_App.c
 
Building target: Display_Development.elf
Invoking: MCU GCC Linker
arm-none-eabi-gcc -mcpu=cortex-m4 -mthumb -mfloat-abi=hard -mfpu=fpv4-sp-d16 -L"/Users/christiansager/Documents/Klanghabitat_Quantum/firmware/STM32_Workspace/Display_Development/Middlewares/ST/STemWin/Lib"  -specs=nosys.specs -specs=nano.specs -T"../STM32F469NIHx_FLASH.ld" -Wl,-Map=output.map -Wl,--gc-sections -o "Display_Development.elf" @"objects.list"  -l:STemWin540_CM4_GCC_ot_ARGB.a -lm
Finished building target: Display_Development.elf
 
/Library/Developer/CommandLineTools/usr/bin/make --no-print-directory post-build
Generating binary and Printing size information:
arm-none-eabi-objcopy -O binary "Display_Development.elf" "Display_Development.bin"
arm-none-eabi-size "Display_Development.elf"
   text	   data	    bss	    dec	    hex	filename
  87840	    552	 123736	 212128	  33ca0	Display_Development.elf
 

08:24:18 Build Finished (took 2s.102ms)

