11:01:30 **** Incremental Build of configuration Debug for project DisplayIntegration ****
make all 
Building file: ../STemWin/App/GUI_App.c
Invoking: MCU GCC Compiler
/Users/christiansager/Documents/Klanghabitat_Quantum/firmware/STM32_Workspace/DisplayIntegration/Debug
arm-none-eabi-gcc -mcpu=cortex-m4 -mthumb -mfloat-abi=hard -mfpu=fpv4-sp-d16 '-D__weak=__attribute__((weak))' '-D__packed="__attribute__((__packed__))"' -DUSE_HAL_DRIVER -DSTM32F469xx -I"/Users/christiansager/Documents/Klanghabitat_Quantum/firmware/STM32_Workspace/DisplayIntegration/STemWin/Target" -I"/Users/christiansager/Documents/Klanghabitat_Quantum/firmware/STM32_Workspace/DisplayIntegration/STemWin/App" -I"/Users/christiansager/Documents/Klanghabitat_Quantum/firmware/STM32_Workspace/DisplayIntegration/Inc" -I"/Users/christiansager/Documents/Klanghabitat_Quantum/firmware/STM32_Workspace/DisplayIntegration/Drivers/STM32F4xx_HAL_Driver/Inc" -I"/Users/christiansager/Documents/Klanghabitat_Quantum/firmware/STM32_Workspace/DisplayIntegration/Drivers/STM32F4xx_HAL_Driver/Inc/Legacy" -I"/Users/christiansager/Documents/Klanghabitat_Quantum/firmware/STM32_Workspace/DisplayIntegration/Drivers/BSP/Components/otm8009a" -I"/Users/christiansager/Documents/Klanghabitat_Quantum/firmware/STM32_Workspace/DisplayIntegration/Drivers/CMSIS/Device/ST/STM32F4xx/Include" -I"/Users/christiansager/Documents/Klanghabitat_Quantum/firmware/STM32_Workspace/DisplayIntegration/Middlewares/ST/STemWin/inc" -I"/Users/christiansager/Documents/Klanghabitat_Quantum/firmware/STM32_Workspace/DisplayIntegration/Drivers/BSP/Components/Common" -I"/Users/christiansager/Documents/Klanghabitat_Quantum/firmware/STM32_Workspace/DisplayIntegration/Drivers/CMSIS/Include" -I"/Users/christiansager/Documents/Klanghabitat_Quantum/firmware/STM32_Workspace/DisplayIntegration/Middlewares/ST/STM32_USB_Device_Library/Core/Inc" -I"/Users/christiansager/Documents/Klanghabitat_Quantum/firmware/STM32_Workspace/DisplayIntegration/Middlewares/ST/STM32_USB_Device_Library/Class/CDC/Inc"  -Og -g3 -Wall -fmessage-length=0 -ffunction-sections -c -fmessage-length=0 -MMD -MP -MF"STemWin/App/GUI_App.d" -MT"STemWin/App/GUI_App.o" -o "STemWin/App/GUI_App.o" "../STemWin/App/GUI_App.c"
../STemWin/App/GUI_App.c: In function 'GRAPHICS_MainTask':
../STemWin/App/GUI_App.c:61:10: warning: implicit declaration of function 'CreateWindow'; did you mean 'WM_CreateWindow'? [-Wimplicit-function-declaration]
   hWin = CreateWindow();
          ^~~~~~~~~~~~
          WM_CreateWindow
Finished building: ../STemWin/App/GUI_App.c
 
Building target: DisplayIntegration.elf
Invoking: MCU GCC Linker
arm-none-eabi-gcc -mcpu=cortex-m4 -mthumb -mfloat-abi=hard -mfpu=fpv4-sp-d16 -L"/Users/christiansager/Documents/Klanghabitat_Quantum/firmware/STM32_Workspace/DisplayIntegration/Middlewares/ST/STemWin/Lib"  -specs=nosys.specs -specs=nano.specs -T"../STM32F469NIHx_FLASH.ld" -Wl,-Map=output.map -Wl,--gc-sections -o "DisplayIntegration.elf" @"objects.list"  -l:STemWin540_CM4_GCC_ot_ARGB.a -lm
Finished building target: DisplayIntegration.elf
 
/Library/Developer/CommandLineTools/usr/bin/make --no-print-directory post-build
Generating binary and Printing size information:
arm-none-eabi-objcopy -O binary "DisplayIntegration.elf" "DisplayIntegration.bin"
arm-none-eabi-size "DisplayIntegration.elf"
   text	   data	    bss	    dec	    hex	filename
 118432	    952	 124056	 243440	  3b6f0	DisplayIntegration.elf
 
11:01:36 **** Incremental Build of configuration Debug for project DisplayIntegration ****
make all 
make: Nothing to be done for `all'.
11:03:24 **** Incremental Build of configuration Debug for project DisplayIntegration ****
make all 
Building file: ../STemWin/App/WindowDLG.c
Invoking: MCU GCC Compiler
/Users/christiansager/Documents/Klanghabitat_Quantum/firmware/STM32_Workspace/DisplayIntegration/Debug
arm-none-eabi-gcc -mcpu=cortex-m4 -mthumb -mfloat-abi=hard -mfpu=fpv4-sp-d16 '-D__weak=__attribute__((weak))' '-D__packed="__attribute__((__packed__))"' -DUSE_HAL_DRIVER -DSTM32F469xx -I"/Users/christiansager/Documents/Klanghabitat_Quantum/firmware/STM32_Workspace/DisplayIntegration/STemWin/Target" -I"/Users/christiansager/Documents/Klanghabitat_Quantum/firmware/STM32_Workspace/DisplayIntegration/STemWin/App" -I"/Users/christiansager/Documents/Klanghabitat_Quantum/firmware/STM32_Workspace/DisplayIntegration/Inc" -I"/Users/christiansager/Documents/Klanghabitat_Quantum/firmware/STM32_Workspace/DisplayIntegration/Drivers/STM32F4xx_HAL_Driver/Inc" -I"/Users/christiansager/Documents/Klanghabitat_Quantum/firmware/STM32_Workspace/DisplayIntegration/Drivers/STM32F4xx_HAL_Driver/Inc/Legacy" -I"/Users/christiansager/Documents/Klanghabitat_Quantum/firmware/STM32_Workspace/DisplayIntegration/Drivers/BSP/Components/otm8009a" -I"/Users/christiansager/Documents/Klanghabitat_Quantum/firmware/STM32_Workspace/DisplayIntegration/Drivers/CMSIS/Device/ST/STM32F4xx/Include" -I"/Users/christiansager/Documents/Klanghabitat_Quantum/firmware/STM32_Workspace/DisplayIntegration/Middlewares/ST/STemWin/inc" -I"/Users/christiansager/Documents/Klanghabitat_Quantum/firmware/STM32_Workspace/DisplayIntegration/Drivers/BSP/Components/Common" -I"/Users/christiansager/Documents/Klanghabitat_Quantum/firmware/STM32_Workspace/DisplayIntegration/Drivers/CMSIS/Include" -I"/Users/christiansager/Documents/Klanghabitat_Quantum/firmware/STM32_Workspace/DisplayIntegration/Middlewares/ST/STM32_USB_Device_Library/Core/Inc" -I"/Users/christiansager/Documents/Klanghabitat_Quantum/firmware/STM32_Workspace/DisplayIntegration/Middlewares/ST/STM32_USB_Device_Library/Class/CDC/Inc"  -Og -g3 -Wall -fmessage-length=0 -ffunction-sections -c -fmessage-length=0 -MMD -MP -MF"STemWin/App/WindowDLG.d" -MT"STemWin/App/WindowDLG.o" -o "STemWin/App/WindowDLG.o" "../STemWin/App/WindowDLG.c"
../STemWin/App/WindowDLG.c: In function '_cbDialog':
../STemWin/App/WindowDLG.c:214:5: warning: implicit declaration of function 'CDC_Transmit_FS' [-Wimplicit-function-declaration]
     CDC_Transmit_FS("button_0 clicked\r\n", 18);
     ^~~~~~~~~~~~~~~
../STemWin/App/WindowDLG.c:169:16: warning: unused variable 'FileSize' [-Wunused-variable]
   U32          FileSize;
                ^~~~~~~~
../STemWin/App/WindowDLG.c:167:16: warning: unused variable 'pData' [-Wunused-variable]
   const void * pData;
                ^~~~~
../STemWin/App/WindowDLG.c: In function 'CDC_ReceiveCallBack':
../STemWin/App/WindowDLG.c:302:7: warning: assignment makes integer from pointer without a cast [-Wint-conversion]
 Value = &buf;
       ^
At top level:
../STemWin/App/WindowDLG.c:144:21: warning: '_GetImageById' defined but not used [-Wunused-function]
 static const void * _GetImageById(U32 Id, U32 * pSize) {
                     ^~~~~~~~~~~~~
Finished building: ../STemWin/App/WindowDLG.c
 
Building target: DisplayIntegration.elf
Invoking: MCU GCC Linker
arm-none-eabi-gcc -mcpu=cortex-m4 -mthumb -mfloat-abi=hard -mfpu=fpv4-sp-d16 -L"/Users/christiansager/Documents/Klanghabitat_Quantum/firmware/STM32_Workspace/DisplayIntegration/Middlewares/ST/STemWin/Lib"  -specs=nosys.specs -specs=nano.specs -T"../STM32F469NIHx_FLASH.ld" -Wl,-Map=output.map -Wl,--gc-sections -o "DisplayIntegration.elf" @"objects.list"  -l:STemWin540_CM4_GCC_ot_ARGB.a -lm
Finished building target: DisplayIntegration.elf
 
/Library/Developer/CommandLineTools/usr/bin/make --no-print-directory post-build
Generating binary and Printing size information:
arm-none-eabi-objcopy -O binary "DisplayIntegration.elf" "DisplayIntegration.bin"
arm-none-eabi-size "DisplayIntegration.elf"
   text	   data	    bss	    dec	    hex	filename
 118440	    952	 124056	 243448	  3b6f8	DisplayIntegration.elf
 
11:04:13 **** Incremental Build of configuration Debug for project DisplayIntegration ****
make all 
Building file: ../STemWin/App/WindowDLG.c
Invoking: MCU GCC Compiler
/Users/christiansager/Documents/Klanghabitat_Quantum/firmware/STM32_Workspace/DisplayIntegration/Debug
arm-none-eabi-gcc -mcpu=cortex-m4 -mthumb -mfloat-abi=hard -mfpu=fpv4-sp-d16 '-D__weak=__attribute__((weak))' '-D__packed="__attribute__((__packed__))"' -DUSE_HAL_DRIVER -DSTM32F469xx -I"/Users/christiansager/Documents/Klanghabitat_Quantum/firmware/STM32_Workspace/DisplayIntegration/STemWin/Target" -I"/Users/christiansager/Documents/Klanghabitat_Quantum/firmware/STM32_Workspace/DisplayIntegration/STemWin/App" -I"/Users/christiansager/Documents/Klanghabitat_Quantum/firmware/STM32_Workspace/DisplayIntegration/Inc" -I"/Users/christiansager/Documents/Klanghabitat_Quantum/firmware/STM32_Workspace/DisplayIntegration/Drivers/STM32F4xx_HAL_Driver/Inc" -I"/Users/christiansager/Documents/Klanghabitat_Quantum/firmware/STM32_Workspace/DisplayIntegration/Drivers/STM32F4xx_HAL_Driver/Inc/Legacy" -I"/Users/christiansager/Documents/Klanghabitat_Quantum/firmware/STM32_Workspace/DisplayIntegration/Drivers/BSP/Components/otm8009a" -I"/Users/christiansager/Documents/Klanghabitat_Quantum/firmware/STM32_Workspace/DisplayIntegration/Drivers/CMSIS/Device/ST/STM32F4xx/Include" -I"/Users/christiansager/Documents/Klanghabitat_Quantum/firmware/STM32_Workspace/DisplayIntegration/Middlewares/ST/STemWin/inc" -I"/Users/christiansager/Documents/Klanghabitat_Quantum/firmware/STM32_Workspace/DisplayIntegration/Drivers/BSP/Components/Common" -I"/Users/christiansager/Documents/Klanghabitat_Quantum/firmware/STM32_Workspace/DisplayIntegration/Drivers/CMSIS/Include" -I"/Users/christiansager/Documents/Klanghabitat_Quantum/firmware/STM32_Workspace/DisplayIntegration/Middlewares/ST/STM32_USB_Device_Library/Core/Inc" -I"/Users/christiansager/Documents/Klanghabitat_Quantum/firmware/STM32_Workspace/DisplayIntegration/Middlewares/ST/STM32_USB_Device_Library/Class/CDC/Inc"  -Og -g3 -Wall -fmessage-length=0 -ffunction-sections -c -fmessage-length=0 -MMD -MP -MF"STemWin/App/WindowDLG.d" -MT"STemWin/App/WindowDLG.o" -o "STemWin/App/WindowDLG.o" "../STemWin/App/WindowDLG.c"
../STemWin/App/WindowDLG.c: In function '_cbDialog':
../STemWin/App/WindowDLG.c:219:5: warning: implicit declaration of function 'CDC_Transmit_FS' [-Wimplicit-function-declaration]
     CDC_Transmit_FS("button_0 clicked\r\n", 18);
     ^~~~~~~~~~~~~~~
../STemWin/App/WindowDLG.c:169:16: warning: unused variable 'FileSize' [-Wunused-variable]
   U32          FileSize;
                ^~~~~~~~
../STemWin/App/WindowDLG.c:167:16: warning: unused variable 'pData' [-Wunused-variable]
   const void * pData;
                ^~~~~
../STemWin/App/WindowDLG.c: In function 'CDC_ReceiveCallBack':
../STemWin/App/WindowDLG.c:307:7: warning: assignment makes integer from pointer without a cast [-Wint-conversion]
 Value = &buf;
       ^
../STemWin/App/WindowDLG.c: In function '_cbDialog':
../STemWin/App/WindowDLG.c:179:11: warning: statement will never be executed [-Wswitch-unreachable]
   hItem = WM_GetDialogItem(pMsg->hWin, ID_PROG_0);
           ^~~~~~~~~~~~~~~~~~~~~~~~~~~~~~~~~~~~~~~
At top level:
../STemWin/App/WindowDLG.c:144:21: warning: '_GetImageById' defined but not used [-Wunused-function]
 static const void * _GetImageById(U32 Id, U32 * pSize) {
                     ^~~~~~~~~~~~~
Finished building: ../STemWin/App/WindowDLG.c
 
Building target: DisplayIntegration.elf
Invoking: MCU GCC Linker
arm-none-eabi-gcc -mcpu=cortex-m4 -mthumb -mfloat-abi=hard -mfpu=fpv4-sp-d16 -L"/Users/christiansager/Documents/Klanghabitat_Quantum/firmware/STM32_Workspace/DisplayIntegration/Middlewares/ST/STemWin/Lib"  -specs=nosys.specs -specs=nano.specs -T"../STM32F469NIHx_FLASH.ld" -Wl,-Map=output.map -Wl,--gc-sections -o "DisplayIntegration.elf" @"objects.list"  -l:STemWin540_CM4_GCC_ot_ARGB.a -lm
Finished building target: DisplayIntegration.elf
 
/Library/Developer/CommandLineTools/usr/bin/make --no-print-directory post-build
Generating binary and Printing size information:
arm-none-eabi-objcopy -O binary "DisplayIntegration.elf" "DisplayIntegration.bin"
arm-none-eabi-size "DisplayIntegration.elf"
   text	   data	    bss	    dec	    hex	filename
 118440	    952	 124056	 243448	  3b6f8	DisplayIntegration.elf
 
11:06:11 **** Incremental Build of configuration Debug for project DisplayIntegration ****
make all 
Building file: ../STemWin/App/WindowDLG.c
Invoking: MCU GCC Compiler
/Users/christiansager/Documents/Klanghabitat_Quantum/firmware/STM32_Workspace/DisplayIntegration/Debug
arm-none-eabi-gcc -mcpu=cortex-m4 -mthumb -mfloat-abi=hard -mfpu=fpv4-sp-d16 '-D__weak=__attribute__((weak))' '-D__packed="__attribute__((__packed__))"' -DUSE_HAL_DRIVER -DSTM32F469xx -I"/Users/christiansager/Documents/Klanghabitat_Quantum/firmware/STM32_Workspace/DisplayIntegration/STemWin/Target" -I"/Users/christiansager/Documents/Klanghabitat_Quantum/firmware/STM32_Workspace/DisplayIntegration/STemWin/App" -I"/Users/christiansager/Documents/Klanghabitat_Quantum/firmware/STM32_Workspace/DisplayIntegration/Inc" -I"/Users/christiansager/Documents/Klanghabitat_Quantum/firmware/STM32_Workspace/DisplayIntegration/Drivers/STM32F4xx_HAL_Driver/Inc" -I"/Users/christiansager/Documents/Klanghabitat_Quantum/firmware/STM32_Workspace/DisplayIntegration/Drivers/STM32F4xx_HAL_Driver/Inc/Legacy" -I"/Users/christiansager/Documents/Klanghabitat_Quantum/firmware/STM32_Workspace/DisplayIntegration/Drivers/BSP/Components/otm8009a" -I"/Users/christiansager/Documents/Klanghabitat_Quantum/firmware/STM32_Workspace/DisplayIntegration/Drivers/CMSIS/Device/ST/STM32F4xx/Include" -I"/Users/christiansager/Documents/Klanghabitat_Quantum/firmware/STM32_Workspace/DisplayIntegration/Middlewares/ST/STemWin/inc" -I"/Users/christiansager/Documents/Klanghabitat_Quantum/firmware/STM32_Workspace/DisplayIntegration/Drivers/BSP/Components/Common" -I"/Users/christiansager/Documents/Klanghabitat_Quantum/firmware/STM32_Workspace/DisplayIntegration/Drivers/CMSIS/Include" -I"/Users/christiansager/Documents/Klanghabitat_Quantum/firmware/STM32_Workspace/DisplayIntegration/Middlewares/ST/STM32_USB_Device_Library/Core/Inc" -I"/Users/christiansager/Documents/Klanghabitat_Quantum/firmware/STM32_Workspace/DisplayIntegration/Middlewares/ST/STM32_USB_Device_Library/Class/CDC/Inc"  -Og -g3 -Wall -fmessage-length=0 -ffunction-sections -c -fmessage-length=0 -MMD -MP -MF"STemWin/App/WindowDLG.d" -MT"STemWin/App/WindowDLG.o" -o "STemWin/App/WindowDLG.o" "../STemWin/App/WindowDLG.c"
../STemWin/App/WindowDLG.c: In function '_cbDialog':
../STemWin/App/WindowDLG.c:219:5: warning: implicit declaration of function 'CDC_Transmit_FS' [-Wimplicit-function-declaration]
     CDC_Transmit_FS("button_0 clicked\r\n", 18);
     ^~~~~~~~~~~~~~~
../STemWin/App/WindowDLG.c:169:16: warning: unused variable 'FileSize' [-Wunused-variable]
   U32          FileSize;
                ^~~~~~~~
../STemWin/App/WindowDLG.c:167:16: warning: unused variable 'pData' [-Wunused-variable]
   const void * pData;
                ^~~~~
../STemWin/App/WindowDLG.c: In function 'CDC_ReceiveCallBack':
../STemWin/App/WindowDLG.c:307:7: warning: assignment makes integer from pointer without a cast [-Wint-conversion]
 Value = &buf;
       ^
At top level:
../STemWin/App/WindowDLG.c:144:21: warning: '_GetImageById' defined but not used [-Wunused-function]
 static const void * _GetImageById(U32 Id, U32 * pSize) {
                     ^~~~~~~~~~~~~
Finished building: ../STemWin/App/WindowDLG.c
 
Building target: DisplayIntegration.elf
Invoking: MCU GCC Linker
arm-none-eabi-gcc -mcpu=cortex-m4 -mthumb -mfloat-abi=hard -mfpu=fpv4-sp-d16 -L"/Users/christiansager/Documents/Klanghabitat_Quantum/firmware/STM32_Workspace/DisplayIntegration/Middlewares/ST/STemWin/Lib"  -specs=nosys.specs -specs=nano.specs -T"../STM32F469NIHx_FLASH.ld" -Wl,-Map=output.map -Wl,--gc-sections -o "DisplayIntegration.elf" @"objects.list"  -l:STemWin540_CM4_GCC_ot_ARGB.a -lm
Finished building target: DisplayIntegration.elf
 
/Library/Developer/CommandLineTools/usr/bin/make --no-print-directory post-build
Generating binary and Printing size information:
arm-none-eabi-objcopy -O binary "DisplayIntegration.elf" "DisplayIntegration.bin"
arm-none-eabi-size "DisplayIntegration.elf"
   text	   data	    bss	    dec	    hex	filename
 118460	    952	 124056	 243468	  3b70c	DisplayIntegration.elf
 
11:09:20 **** Incremental Build of configuration Debug for project DisplayIntegration ****
make all 
make: Nothing to be done for `all'.
11:11:21 **** Incremental Build of configuration Debug for project DisplayIntegration ****
make all 
Building file: ../STemWin/App/WindowDLG.c
Invoking: MCU GCC Compiler
/Users/christiansager/Documents/Klanghabitat_Quantum/firmware/STM32_Workspace/DisplayIntegration/Debug
arm-none-eabi-gcc -mcpu=cortex-m4 -mthumb -mfloat-abi=hard -mfpu=fpv4-sp-d16 '-D__weak=__attribute__((weak))' '-D__packed="__attribute__((__packed__))"' -DUSE_HAL_DRIVER -DSTM32F469xx -I"/Users/christiansager/Documents/Klanghabitat_Quantum/firmware/STM32_Workspace/DisplayIntegration/STemWin/Target" -I"/Users/christiansager/Documents/Klanghabitat_Quantum/firmware/STM32_Workspace/DisplayIntegration/STemWin/App" -I"/Users/christiansager/Documents/Klanghabitat_Quantum/firmware/STM32_Workspace/DisplayIntegration/Inc" -I"/Users/christiansager/Documents/Klanghabitat_Quantum/firmware/STM32_Workspace/DisplayIntegration/Drivers/STM32F4xx_HAL_Driver/Inc" -I"/Users/christiansager/Documents/Klanghabitat_Quantum/firmware/STM32_Workspace/DisplayIntegration/Drivers/STM32F4xx_HAL_Driver/Inc/Legacy" -I"/Users/christiansager/Documents/Klanghabitat_Quantum/firmware/STM32_Workspace/DisplayIntegration/Drivers/BSP/Components/otm8009a" -I"/Users/christiansager/Documents/Klanghabitat_Quantum/firmware/STM32_Workspace/DisplayIntegration/Drivers/CMSIS/Device/ST/STM32F4xx/Include" -I"/Users/christiansager/Documents/Klanghabitat_Quantum/firmware/STM32_Workspace/DisplayIntegration/Middlewares/ST/STemWin/inc" -I"/Users/christiansager/Documents/Klanghabitat_Quantum/firmware/STM32_Workspace/DisplayIntegration/Drivers/BSP/Components/Common" -I"/Users/christiansager/Documents/Klanghabitat_Quantum/firmware/STM32_Workspace/DisplayIntegration/Drivers/CMSIS/Include" -I"/Users/christiansager/Documents/Klanghabitat_Quantum/firmware/STM32_Workspace/DisplayIntegration/Middlewares/ST/STM32_USB_Device_Library/Core/Inc" -I"/Users/christiansager/Documents/Klanghabitat_Quantum/firmware/STM32_Workspace/DisplayIntegration/Middlewares/ST/STM32_USB_Device_Library/Class/CDC/Inc"  -Og -g3 -Wall -fmessage-length=0 -ffunction-sections -c -fmessage-length=0 -MMD -MP -MF"STemWin/App/WindowDLG.d" -MT"STemWin/App/WindowDLG.o" -o "STemWin/App/WindowDLG.o" "../STemWin/App/WindowDLG.c"
../STemWin/App/WindowDLG.c: In function '_cbDialog':
../STemWin/App/WindowDLG.c:217:5: warning: implicit declaration of function 'CDC_Transmit_FS' [-Wimplicit-function-declaration]
     CDC_Transmit_FS("button_0 clicked\r\n", 18);
     ^~~~~~~~~~~~~~~
../STemWin/App/WindowDLG.c:169:16: warning: unused variable 'FileSize' [-Wunused-variable]
   U32          FileSize;
                ^~~~~~~~
../STemWin/App/WindowDLG.c:167:16: warning: unused variable 'pData' [-Wunused-variable]
   const void * pData;
                ^~~~~
../STemWin/App/WindowDLG.c: In function 'CDC_ReceiveCallBack':
../STemWin/App/WindowDLG.c:305:7: warning: assignment makes integer from pointer without a cast [-Wint-conversion]
 Value = &buf;
       ^
At top level:
../STemWin/App/WindowDLG.c:144:21: warning: '_GetImageById' defined but not used [-Wunused-function]
 static const void * _GetImageById(U32 Id, U32 * pSize) {
                     ^~~~~~~~~~~~~
Finished building: ../STemWin/App/WindowDLG.c
 
Building target: DisplayIntegration.elf
Invoking: MCU GCC Linker
arm-none-eabi-gcc -mcpu=cortex-m4 -mthumb -mfloat-abi=hard -mfpu=fpv4-sp-d16 -L"/Users/christiansager/Documents/Klanghabitat_Quantum/firmware/STM32_Workspace/DisplayIntegration/Middlewares/ST/STemWin/Lib"  -specs=nosys.specs -specs=nano.specs -T"../STM32F469NIHx_FLASH.ld" -Wl,-Map=output.map -Wl,--gc-sections -o "DisplayIntegration.elf" @"objects.list"  -l:STemWin540_CM4_GCC_ot_ARGB.a -lm
Finished building target: DisplayIntegration.elf
 
/Library/Developer/CommandLineTools/usr/bin/make --no-print-directory post-build
Generating binary and Printing size information:
arm-none-eabi-objcopy -O binary "DisplayIntegration.elf" "DisplayIntegration.bin"
arm-none-eabi-size "DisplayIntegration.elf"
   text	   data	    bss	    dec	    hex	filename
 118460	    952	 124072	 243484	  3b71c	DisplayIntegration.elf
 
11:15:21 **** Incremental Build of configuration Debug for project DisplayIntegration ****
make all 
Building file: ../STemWin/App/WindowDLG.c
Invoking: MCU GCC Compiler
/Users/christiansager/Documents/Klanghabitat_Quantum/firmware/STM32_Workspace/DisplayIntegration/Debug
arm-none-eabi-gcc -mcpu=cortex-m4 -mthumb -mfloat-abi=hard -mfpu=fpv4-sp-d16 '-D__weak=__attribute__((weak))' '-D__packed="__attribute__((__packed__))"' -DUSE_HAL_DRIVER -DSTM32F469xx -I"/Users/christiansager/Documents/Klanghabitat_Quantum/firmware/STM32_Workspace/DisplayIntegration/STemWin/Target" -I"/Users/christiansager/Documents/Klanghabitat_Quantum/firmware/STM32_Workspace/DisplayIntegration/STemWin/App" -I"/Users/christiansager/Documents/Klanghabitat_Quantum/firmware/STM32_Workspace/DisplayIntegration/Inc" -I"/Users/christiansager/Documents/Klanghabitat_Quantum/firmware/STM32_Workspace/DisplayIntegration/Drivers/STM32F4xx_HAL_Driver/Inc" -I"/Users/christiansager/Documents/Klanghabitat_Quantum/firmware/STM32_Workspace/DisplayIntegration/Drivers/STM32F4xx_HAL_Driver/Inc/Legacy" -I"/Users/christiansager/Documents/Klanghabitat_Quantum/firmware/STM32_Workspace/DisplayIntegration/Drivers/BSP/Components/otm8009a" -I"/Users/christiansager/Documents/Klanghabitat_Quantum/firmware/STM32_Workspace/DisplayIntegration/Drivers/CMSIS/Device/ST/STM32F4xx/Include" -I"/Users/christiansager/Documents/Klanghabitat_Quantum/firmware/STM32_Workspace/DisplayIntegration/Middlewares/ST/STemWin/inc" -I"/Users/christiansager/Documents/Klanghabitat_Quantum/firmware/STM32_Workspace/DisplayIntegration/Drivers/BSP/Components/Common" -I"/Users/christiansager/Documents/Klanghabitat_Quantum/firmware/STM32_Workspace/DisplayIntegration/Drivers/CMSIS/Include" -I"/Users/christiansager/Documents/Klanghabitat_Quantum/firmware/STM32_Workspace/DisplayIntegration/Middlewares/ST/STM32_USB_Device_Library/Core/Inc" -I"/Users/christiansager/Documents/Klanghabitat_Quantum/firmware/STM32_Workspace/DisplayIntegration/Middlewares/ST/STM32_USB_Device_Library/Class/CDC/Inc"  -Og -g3 -Wall -fmessage-length=0 -ffunction-sections -c -fmessage-length=0 -MMD -MP -MF"STemWin/App/WindowDLG.d" -MT"STemWin/App/WindowDLG.o" -o "STemWin/App/WindowDLG.o" "../STemWin/App/WindowDLG.c"
../STemWin/App/WindowDLG.c: In function '_cbDialog':
../STemWin/App/WindowDLG.c:217:5: warning: implicit declaration of function 'CDC_Transmit_FS' [-Wimplicit-function-declaration]
     CDC_Transmit_FS("button_0 clicked\r\n", 18);
     ^~~~~~~~~~~~~~~
../STemWin/App/WindowDLG.c:169:16: warning: unused variable 'FileSize' [-Wunused-variable]
   U32          FileSize;
                ^~~~~~~~
../STemWin/App/WindowDLG.c:167:16: warning: unused variable 'pData' [-Wunused-variable]
   const void * pData;
                ^~~~~
At top level:
../STemWin/App/WindowDLG.c:144:21: warning: '_GetImageById' defined but not used [-Wunused-function]
 static const void * _GetImageById(U32 Id, U32 * pSize) {
                     ^~~~~~~~~~~~~
Finished building: ../STemWin/App/WindowDLG.c
 
Building target: DisplayIntegration.elf
Invoking: MCU GCC Linker
arm-none-eabi-gcc -mcpu=cortex-m4 -mthumb -mfloat-abi=hard -mfpu=fpv4-sp-d16 -L"/Users/christiansager/Documents/Klanghabitat_Quantum/firmware/STM32_Workspace/DisplayIntegration/Middlewares/ST/STemWin/Lib"  -specs=nosys.specs -specs=nano.specs -T"../STM32F469NIHx_FLASH.ld" -Wl,-Map=output.map -Wl,--gc-sections -o "DisplayIntegration.elf" @"objects.list"  -l:STemWin540_CM4_GCC_ot_ARGB.a -lm
Finished building target: DisplayIntegration.elf
 
/Library/Developer/CommandLineTools/usr/bin/make --no-print-directory post-build
Generating binary and Printing size information:
arm-none-eabi-objcopy -O binary "DisplayIntegration.elf" "DisplayIntegration.bin"
arm-none-eabi-size "DisplayIntegration.elf"
   text	   data	    bss	    dec	    hex	filename
 118460	    952	 124072	 243484	  3b71c	DisplayIntegration.elf
 
11:21:57 **** Incremental Build of configuration Debug for project DisplayIntegration ****
make all 
Building file: ../STemWin/App/WindowDLG.c
Invoking: MCU GCC Compiler
/Users/christiansager/Documents/Klanghabitat_Quantum/firmware/STM32_Workspace/DisplayIntegration/Debug
arm-none-eabi-gcc -mcpu=cortex-m4 -mthumb -mfloat-abi=hard -mfpu=fpv4-sp-d16 '-D__weak=__attribute__((weak))' '-D__packed="__attribute__((__packed__))"' -DUSE_HAL_DRIVER -DSTM32F469xx -I"/Users/christiansager/Documents/Klanghabitat_Quantum/firmware/STM32_Workspace/DisplayIntegration/STemWin/Target" -I"/Users/christiansager/Documents/Klanghabitat_Quantum/firmware/STM32_Workspace/DisplayIntegration/STemWin/App" -I"/Users/christiansager/Documents/Klanghabitat_Quantum/firmware/STM32_Workspace/DisplayIntegration/Inc" -I"/Users/christiansager/Documents/Klanghabitat_Quantum/firmware/STM32_Workspace/DisplayIntegration/Drivers/STM32F4xx_HAL_Driver/Inc" -I"/Users/christiansager/Documents/Klanghabitat_Quantum/firmware/STM32_Workspace/DisplayIntegration/Drivers/STM32F4xx_HAL_Driver/Inc/Legacy" -I"/Users/christiansager/Documents/Klanghabitat_Quantum/firmware/STM32_Workspace/DisplayIntegration/Drivers/BSP/Components/otm8009a" -I"/Users/christiansager/Documents/Klanghabitat_Quantum/firmware/STM32_Workspace/DisplayIntegration/Drivers/CMSIS/Device/ST/STM32F4xx/Include" -I"/Users/christiansager/Documents/Klanghabitat_Quantum/firmware/STM32_Workspace/DisplayIntegration/Middlewares/ST/STemWin/inc" -I"/Users/christiansager/Documents/Klanghabitat_Quantum/firmware/STM32_Workspace/DisplayIntegration/Drivers/BSP/Components/Common" -I"/Users/christiansager/Documents/Klanghabitat_Quantum/firmware/STM32_Workspace/DisplayIntegration/Drivers/CMSIS/Include" -I"/Users/christiansager/Documents/Klanghabitat_Quantum/firmware/STM32_Workspace/DisplayIntegration/Middlewares/ST/STM32_USB_Device_Library/Core/Inc" -I"/Users/christiansager/Documents/Klanghabitat_Quantum/firmware/STM32_Workspace/DisplayIntegration/Middlewares/ST/STM32_USB_Device_Library/Class/CDC/Inc"  -Og -g3 -Wall -fmessage-length=0 -ffunction-sections -c -fmessage-length=0 -MMD -MP -MF"STemWin/App/WindowDLG.d" -MT"STemWin/App/WindowDLG.o" -o "STemWin/App/WindowDLG.o" "../STemWin/App/WindowDLG.c"
../STemWin/App/WindowDLG.c:34:1: error: unknown type name 'uint_8'; did you mean 'uint'?
 uint_8 Value;
 ^~~~~~
 uint
../STemWin/App/WindowDLG.c: In function '_cbDialog':
../STemWin/App/WindowDLG.c:217:5: warning: implicit declaration of function 'CDC_Transmit_FS' [-Wimplicit-function-declaration]
     CDC_Transmit_FS("button_0 clicked\r\n", 18);
     ^~~~~~~~~~~~~~~
../STemWin/App/WindowDLG.c:169:16: warning: unused variable 'FileSize' [-Wunused-variable]
   U32          FileSize;
                ^~~~~~~~
../STemWin/App/WindowDLG.c:167:16: warning: unused variable 'pData' [-Wunused-variable]
   const void * pData;
                ^~~~~
At top level:
../STemWin/App/WindowDLG.c:144:21: warning: '_GetImageById' defined but not used [-Wunused-function]
 static const void * _GetImageById(U32 Id, U32 * pSize) {
                     ^~~~~~~~~~~~~
make: *** [STemWin/App/WindowDLG.o] Error 1
11:22:26 **** Incremental Build of configuration Debug for project DisplayIntegration ****
make all 
Building file: ../STemWin/App/WindowDLG.c
Invoking: MCU GCC Compiler
/Users/christiansager/Documents/Klanghabitat_Quantum/firmware/STM32_Workspace/DisplayIntegration/Debug
arm-none-eabi-gcc -mcpu=cortex-m4 -mthumb -mfloat-abi=hard -mfpu=fpv4-sp-d16 '-D__weak=__attribute__((weak))' '-D__packed="__attribute__((__packed__))"' -DUSE_HAL_DRIVER -DSTM32F469xx -I"/Users/christiansager/Documents/Klanghabitat_Quantum/firmware/STM32_Workspace/DisplayIntegration/STemWin/Target" -I"/Users/christiansager/Documents/Klanghabitat_Quantum/firmware/STM32_Workspace/DisplayIntegration/STemWin/App" -I"/Users/christiansager/Documents/Klanghabitat_Quantum/firmware/STM32_Workspace/DisplayIntegration/Inc" -I"/Users/christiansager/Documents/Klanghabitat_Quantum/firmware/STM32_Workspace/DisplayIntegration/Drivers/STM32F4xx_HAL_Driver/Inc" -I"/Users/christiansager/Documents/Klanghabitat_Quantum/firmware/STM32_Workspace/DisplayIntegration/Drivers/STM32F4xx_HAL_Driver/Inc/Legacy" -I"/Users/christiansager/Documents/Klanghabitat_Quantum/firmware/STM32_Workspace/DisplayIntegration/Drivers/BSP/Components/otm8009a" -I"/Users/christiansager/Documents/Klanghabitat_Quantum/firmware/STM32_Workspace/DisplayIntegration/Drivers/CMSIS/Device/ST/STM32F4xx/Include" -I"/Users/christiansager/Documents/Klanghabitat_Quantum/firmware/STM32_Workspace/DisplayIntegration/Middlewares/ST/STemWin/inc" -I"/Users/christiansager/Documents/Klanghabitat_Quantum/firmware/STM32_Workspace/DisplayIntegration/Drivers/BSP/Components/Common" -I"/Users/christiansager/Documents/Klanghabitat_Quantum/firmware/STM32_Workspace/DisplayIntegration/Drivers/CMSIS/Include" -I"/Users/christiansager/Documents/Klanghabitat_Quantum/firmware/STM32_Workspace/DisplayIntegration/Middlewares/ST/STM32_USB_Device_Library/Core/Inc" -I"/Users/christiansager/Documents/Klanghabitat_Quantum/firmware/STM32_Workspace/DisplayIntegration/Middlewares/ST/STM32_USB_Device_Library/Class/CDC/Inc"  -Og -g3 -Wall -fmessage-length=0 -ffunction-sections -c -fmessage-length=0 -MMD -MP -MF"STemWin/App/WindowDLG.d" -MT"STemWin/App/WindowDLG.o" -o "STemWin/App/WindowDLG.o" "../STemWin/App/WindowDLG.c"
../STemWin/App/WindowDLG.c: In function '_cbDialog':
../STemWin/App/WindowDLG.c:217:5: warning: implicit declaration of function 'CDC_Transmit_FS' [-Wimplicit-function-declaration]
     CDC_Transmit_FS("button_0 clicked\r\n", 18);
     ^~~~~~~~~~~~~~~
../STemWin/App/WindowDLG.c:169:16: warning: unused variable 'FileSize' [-Wunused-variable]
   U32          FileSize;
                ^~~~~~~~
../STemWin/App/WindowDLG.c:167:16: warning: unused variable 'pData' [-Wunused-variable]
   const void * pData;
                ^~~~~
At top level:
../STemWin/App/WindowDLG.c:144:21: warning: '_GetImageById' defined but not used [-Wunused-function]
 static const void * _GetImageById(U32 Id, U32 * pSize) {
                     ^~~~~~~~~~~~~
Finished building: ../STemWin/App/WindowDLG.c
 
Building target: DisplayIntegration.elf
Invoking: MCU GCC Linker
arm-none-eabi-gcc -mcpu=cortex-m4 -mthumb -mfloat-abi=hard -mfpu=fpv4-sp-d16 -L"/Users/christiansager/Documents/Klanghabitat_Quantum/firmware/STM32_Workspace/DisplayIntegration/Middlewares/ST/STemWin/Lib"  -specs=nosys.specs -specs=nano.specs -T"../STM32F469NIHx_FLASH.ld" -Wl,-Map=output.map -Wl,--gc-sections -o "DisplayIntegration.elf" @"objects.list"  -l:STemWin540_CM4_GCC_ot_ARGB.a -lm
Finished building target: DisplayIntegration.elf
 
/Library/Developer/CommandLineTools/usr/bin/make --no-print-directory post-build
Generating binary and Printing size information:
arm-none-eabi-objcopy -O binary "DisplayIntegration.elf" "DisplayIntegration.bin"
arm-none-eabi-size "DisplayIntegration.elf"
   text	   data	    bss	    dec	    hex	filename
 118460	    952	 124056	 243468	  3b70c	DisplayIntegration.elf
 
11:23:49 **** Incremental Build of configuration Debug for project DisplayIntegration ****
make all 
Building file: ../STemWin/App/WindowDLG.c
Invoking: MCU GCC Compiler
/Users/christiansager/Documents/Klanghabitat_Quantum/firmware/STM32_Workspace/DisplayIntegration/Debug
arm-none-eabi-gcc -mcpu=cortex-m4 -mthumb -mfloat-abi=hard -mfpu=fpv4-sp-d16 '-D__weak=__attribute__((weak))' '-D__packed="__attribute__((__packed__))"' -DUSE_HAL_DRIVER -DSTM32F469xx -I"/Users/christiansager/Documents/Klanghabitat_Quantum/firmware/STM32_Workspace/DisplayIntegration/STemWin/Target" -I"/Users/christiansager/Documents/Klanghabitat_Quantum/firmware/STM32_Workspace/DisplayIntegration/STemWin/App" -I"/Users/christiansager/Documents/Klanghabitat_Quantum/firmware/STM32_Workspace/DisplayIntegration/Inc" -I"/Users/christiansager/Documents/Klanghabitat_Quantum/firmware/STM32_Workspace/DisplayIntegration/Drivers/STM32F4xx_HAL_Driver/Inc" -I"/Users/christiansager/Documents/Klanghabitat_Quantum/firmware/STM32_Workspace/DisplayIntegration/Drivers/STM32F4xx_HAL_Driver/Inc/Legacy" -I"/Users/christiansager/Documents/Klanghabitat_Quantum/firmware/STM32_Workspace/DisplayIntegration/Drivers/BSP/Components/otm8009a" -I"/Users/christiansager/Documents/Klanghabitat_Quantum/firmware/STM32_Workspace/DisplayIntegration/Drivers/CMSIS/Device/ST/STM32F4xx/Include" -I"/Users/christiansager/Documents/Klanghabitat_Quantum/firmware/STM32_Workspace/DisplayIntegration/Middlewares/ST/STemWin/inc" -I"/Users/christiansager/Documents/Klanghabitat_Quantum/firmware/STM32_Workspace/DisplayIntegration/Drivers/BSP/Components/Common" -I"/Users/christiansager/Documents/Klanghabitat_Quantum/firmware/STM32_Workspace/DisplayIntegration/Drivers/CMSIS/Include" -I"/Users/christiansager/Documents/Klanghabitat_Quantum/firmware/STM32_Workspace/DisplayIntegration/Middlewares/ST/STM32_USB_Device_Library/Core/Inc" -I"/Users/christiansager/Documents/Klanghabitat_Quantum/firmware/STM32_Workspace/DisplayIntegration/Middlewares/ST/STM32_USB_Device_Library/Class/CDC/Inc"  -Og -g3 -Wall -fmessage-length=0 -ffunction-sections -c -fmessage-length=0 -MMD -MP -MF"STemWin/App/WindowDLG.d" -MT"STemWin/App/WindowDLG.o" -o "STemWin/App/WindowDLG.o" "../STemWin/App/WindowDLG.c"
../STemWin/App/WindowDLG.c: In function '_cbDialog':
../STemWin/App/WindowDLG.c:217:5: warning: implicit declaration of function 'CDC_Transmit_FS' [-Wimplicit-function-declaration]
     CDC_Transmit_FS("button_0 clicked\r\n", 18);
     ^~~~~~~~~~~~~~~
../STemWin/App/WindowDLG.c:169:16: warning: unused variable 'FileSize' [-Wunused-variable]
   U32          FileSize;
                ^~~~~~~~
../STemWin/App/WindowDLG.c:167:16: warning: unused variable 'pData' [-Wunused-variable]
   const void * pData;
                ^~~~~
../STemWin/App/WindowDLG.c: In function 'CDC_ReceiveCallBack':
../STemWin/App/WindowDLG.c:305:7: warning: assignment makes integer from pointer without a cast [-Wint-conversion]
 Value = &buf;
       ^
At top level:
../STemWin/App/WindowDLG.c:144:21: warning: '_GetImageById' defined but not used [-Wunused-function]
 static const void * _GetImageById(U32 Id, U32 * pSize) {
                     ^~~~~~~~~~~~~
Finished building: ../STemWin/App/WindowDLG.c
 
Building target: DisplayIntegration.elf
Invoking: MCU GCC Linker
arm-none-eabi-gcc -mcpu=cortex-m4 -mthumb -mfloat-abi=hard -mfpu=fpv4-sp-d16 -L"/Users/christiansager/Documents/Klanghabitat_Quantum/firmware/STM32_Workspace/DisplayIntegration/Middlewares/ST/STemWin/Lib"  -specs=nosys.specs -specs=nano.specs -T"../STM32F469NIHx_FLASH.ld" -Wl,-Map=output.map -Wl,--gc-sections -o "DisplayIntegration.elf" @"objects.list"  -l:STemWin540_CM4_GCC_ot_ARGB.a -lm
Finished building target: DisplayIntegration.elf
 
/Library/Developer/CommandLineTools/usr/bin/make --no-print-directory post-build
Generating binary and Printing size information:
arm-none-eabi-objcopy -O binary "DisplayIntegration.elf" "DisplayIntegration.bin"
arm-none-eabi-size "DisplayIntegration.elf"
   text	   data	    bss	    dec	    hex	filename
 118460	    952	 124056	 243468	  3b70c	DisplayIntegration.elf
 
11:25:33 **** Incremental Build of configuration Debug for project DisplayIntegration ****
make all 
Building file: ../STemWin/App/WindowDLG.c
Invoking: MCU GCC Compiler
/Users/christiansager/Documents/Klanghabitat_Quantum/firmware/STM32_Workspace/DisplayIntegration/Debug
arm-none-eabi-gcc -mcpu=cortex-m4 -mthumb -mfloat-abi=hard -mfpu=fpv4-sp-d16 '-D__weak=__attribute__((weak))' '-D__packed="__attribute__((__packed__))"' -DUSE_HAL_DRIVER -DSTM32F469xx -I"/Users/christiansager/Documents/Klanghabitat_Quantum/firmware/STM32_Workspace/DisplayIntegration/STemWin/Target" -I"/Users/christiansager/Documents/Klanghabitat_Quantum/firmware/STM32_Workspace/DisplayIntegration/STemWin/App" -I"/Users/christiansager/Documents/Klanghabitat_Quantum/firmware/STM32_Workspace/DisplayIntegration/Inc" -I"/Users/christiansager/Documents/Klanghabitat_Quantum/firmware/STM32_Workspace/DisplayIntegration/Drivers/STM32F4xx_HAL_Driver/Inc" -I"/Users/christiansager/Documents/Klanghabitat_Quantum/firmware/STM32_Workspace/DisplayIntegration/Drivers/STM32F4xx_HAL_Driver/Inc/Legacy" -I"/Users/christiansager/Documents/Klanghabitat_Quantum/firmware/STM32_Workspace/DisplayIntegration/Drivers/BSP/Components/otm8009a" -I"/Users/christiansager/Documents/Klanghabitat_Quantum/firmware/STM32_Workspace/DisplayIntegration/Drivers/CMSIS/Device/ST/STM32F4xx/Include" -I"/Users/christiansager/Documents/Klanghabitat_Quantum/firmware/STM32_Workspace/DisplayIntegration/Middlewares/ST/STemWin/inc" -I"/Users/christiansager/Documents/Klanghabitat_Quantum/firmware/STM32_Workspace/DisplayIntegration/Drivers/BSP/Components/Common" -I"/Users/christiansager/Documents/Klanghabitat_Quantum/firmware/STM32_Workspace/DisplayIntegration/Drivers/CMSIS/Include" -I"/Users/christiansager/Documents/Klanghabitat_Quantum/firmware/STM32_Workspace/DisplayIntegration/Middlewares/ST/STM32_USB_Device_Library/Core/Inc" -I"/Users/christiansager/Documents/Klanghabitat_Quantum/firmware/STM32_Workspace/DisplayIntegration/Middlewares/ST/STM32_USB_Device_Library/Class/CDC/Inc"  -Og -g3 -Wall -fmessage-length=0 -ffunction-sections -c -fmessage-length=0 -MMD -MP -MF"STemWin/App/WindowDLG.d" -MT"STemWin/App/WindowDLG.o" -o "STemWin/App/WindowDLG.o" "../STemWin/App/WindowDLG.c"
../STemWin/App/WindowDLG.c: In function '_cbDialog':
../STemWin/App/WindowDLG.c:217:5: warning: implicit declaration of function 'CDC_Transmit_FS' [-Wimplicit-function-declaration]
     CDC_Transmit_FS("button_0 clicked\r\n", 18);
     ^~~~~~~~~~~~~~~
../STemWin/App/WindowDLG.c:169:16: warning: unused variable 'FileSize' [-Wunused-variable]
   U32          FileSize;
                ^~~~~~~~
../STemWin/App/WindowDLG.c:167:16: warning: unused variable 'pData' [-Wunused-variable]
   const void * pData;
                ^~~~~
../STemWin/App/WindowDLG.c: In function 'CDC_ReceiveCallBack':
../STemWin/App/WindowDLG.c:305:3: warning: assignment makes integer from pointer without a cast [-Wint-conversion]
 i = &buf;
   ^
At top level:
../STemWin/App/WindowDLG.c:144:21: warning: '_GetImageById' defined but not used [-Wunused-function]
 static const void * _GetImageById(U32 Id, U32 * pSize) {
                     ^~~~~~~~~~~~~
Finished building: ../STemWin/App/WindowDLG.c
 
Building target: DisplayIntegration.elf
Invoking: MCU GCC Linker
arm-none-eabi-gcc -mcpu=cortex-m4 -mthumb -mfloat-abi=hard -mfpu=fpv4-sp-d16 -L"/Users/christiansager/Documents/Klanghabitat_Quantum/firmware/STM32_Workspace/DisplayIntegration/Middlewares/ST/STemWin/Lib"  -specs=nosys.specs -specs=nano.specs -T"../STM32F469NIHx_FLASH.ld" -Wl,-Map=output.map -Wl,--gc-sections -o "DisplayIntegration.elf" @"objects.list"  -l:STemWin540_CM4_GCC_ot_ARGB.a -lm
Finished building target: DisplayIntegration.elf
 
/Library/Developer/CommandLineTools/usr/bin/make --no-print-directory post-build
Generating binary and Printing size information:
arm-none-eabi-objcopy -O binary "DisplayIntegration.elf" "DisplayIntegration.bin"
arm-none-eabi-size "DisplayIntegration.elf"
   text	   data	    bss	    dec	    hex	filename
 118460	    952	 124056	 243468	  3b70c	DisplayIntegration.elf
 
11:26:09 **** Incremental Build of configuration Debug for project DisplayIntegration ****
make all 
Building file: ../STemWin/App/WindowDLG.c
Invoking: MCU GCC Compiler
/Users/christiansager/Documents/Klanghabitat_Quantum/firmware/STM32_Workspace/DisplayIntegration/Debug
arm-none-eabi-gcc -mcpu=cortex-m4 -mthumb -mfloat-abi=hard -mfpu=fpv4-sp-d16 '-D__weak=__attribute__((weak))' '-D__packed="__attribute__((__packed__))"' -DUSE_HAL_DRIVER -DSTM32F469xx -I"/Users/christiansager/Documents/Klanghabitat_Quantum/firmware/STM32_Workspace/DisplayIntegration/STemWin/Target" -I"/Users/christiansager/Documents/Klanghabitat_Quantum/firmware/STM32_Workspace/DisplayIntegration/STemWin/App" -I"/Users/christiansager/Documents/Klanghabitat_Quantum/firmware/STM32_Workspace/DisplayIntegration/Inc" -I"/Users/christiansager/Documents/Klanghabitat_Quantum/firmware/STM32_Workspace/DisplayIntegration/Drivers/STM32F4xx_HAL_Driver/Inc" -I"/Users/christiansager/Documents/Klanghabitat_Quantum/firmware/STM32_Workspace/DisplayIntegration/Drivers/STM32F4xx_HAL_Driver/Inc/Legacy" -I"/Users/christiansager/Documents/Klanghabitat_Quantum/firmware/STM32_Workspace/DisplayIntegration/Drivers/BSP/Components/otm8009a" -I"/Users/christiansager/Documents/Klanghabitat_Quantum/firmware/STM32_Workspace/DisplayIntegration/Drivers/CMSIS/Device/ST/STM32F4xx/Include" -I"/Users/christiansager/Documents/Klanghabitat_Quantum/firmware/STM32_Workspace/DisplayIntegration/Middlewares/ST/STemWin/inc" -I"/Users/christiansager/Documents/Klanghabitat_Quantum/firmware/STM32_Workspace/DisplayIntegration/Drivers/BSP/Components/Common" -I"/Users/christiansager/Documents/Klanghabitat_Quantum/firmware/STM32_Workspace/DisplayIntegration/Drivers/CMSIS/Include" -I"/Users/christiansager/Documents/Klanghabitat_Quantum/firmware/STM32_Workspace/DisplayIntegration/Middlewares/ST/STM32_USB_Device_Library/Core/Inc" -I"/Users/christiansager/Documents/Klanghabitat_Quantum/firmware/STM32_Workspace/DisplayIntegration/Middlewares/ST/STM32_USB_Device_Library/Class/CDC/Inc"  -Og -g3 -Wall -fmessage-length=0 -ffunction-sections -c -fmessage-length=0 -MMD -MP -MF"STemWin/App/WindowDLG.d" -MT"STemWin/App/WindowDLG.o" -o "STemWin/App/WindowDLG.o" "../STemWin/App/WindowDLG.c"
../STemWin/App/WindowDLG.c: In function '_cbDialog':
../STemWin/App/WindowDLG.c:217:5: warning: implicit declaration of function 'CDC_Transmit_FS' [-Wimplicit-function-declaration]
     CDC_Transmit_FS("button_0 clicked\r\n", 18);
     ^~~~~~~~~~~~~~~
../STemWin/App/WindowDLG.c:169:16: warning: unused variable 'FileSize' [-Wunused-variable]
   U32          FileSize;
                ^~~~~~~~
../STemWin/App/WindowDLG.c:167:16: warning: unused variable 'pData' [-Wunused-variable]
   const void * pData;
                ^~~~~
../STemWin/App/WindowDLG.c: In function 'CDC_ReceiveCallBack':
../STemWin/App/WindowDLG.c:305:3: warning: assignment makes integer from pointer without a cast [-Wint-conversion]
 i = &buf;
   ^
At top level:
../STemWin/App/WindowDLG.c:144:21: warning: '_GetImageById' defined but not used [-Wunused-function]
 static const void * _GetImageById(U32 Id, U32 * pSize) {
                     ^~~~~~~~~~~~~
Finished building: ../STemWin/App/WindowDLG.c
 
Building target: DisplayIntegration.elf
Invoking: MCU GCC Linker
arm-none-eabi-gcc -mcpu=cortex-m4 -mthumb -mfloat-abi=hard -mfpu=fpv4-sp-d16 -L"/Users/christiansager/Documents/Klanghabitat_Quantum/firmware/STM32_Workspace/DisplayIntegration/Middlewares/ST/STemWin/Lib"  -specs=nosys.specs -specs=nano.specs -T"../STM32F469NIHx_FLASH.ld" -Wl,-Map=output.map -Wl,--gc-sections -o "DisplayIntegration.elf" @"objects.list"  -l:STemWin540_CM4_GCC_ot_ARGB.a -lm
Finished building target: DisplayIntegration.elf
 
/Library/Developer/CommandLineTools/usr/bin/make --no-print-directory post-build
Generating binary and Printing size information:
arm-none-eabi-objcopy -O binary "DisplayIntegration.elf" "DisplayIntegration.bin"
arm-none-eabi-size "DisplayIntegration.elf"
   text	   data	    bss	    dec	    hex	filename
 118460	    952	 124056	 243468	  3b70c	DisplayIntegration.elf
 
11:34:02 **** Incremental Build of configuration Debug for project DisplayIntegration ****
make all 
Building file: ../STemWin/App/WindowDLG.c
Invoking: MCU GCC Compiler
/Users/christiansager/Documents/Klanghabitat_Quantum/firmware/STM32_Workspace/DisplayIntegration/Debug
arm-none-eabi-gcc -mcpu=cortex-m4 -mthumb -mfloat-abi=hard -mfpu=fpv4-sp-d16 '-D__weak=__attribute__((weak))' '-D__packed="__attribute__((__packed__))"' -DUSE_HAL_DRIVER -DSTM32F469xx -I"/Users/christiansager/Documents/Klanghabitat_Quantum/firmware/STM32_Workspace/DisplayIntegration/STemWin/Target" -I"/Users/christiansager/Documents/Klanghabitat_Quantum/firmware/STM32_Workspace/DisplayIntegration/STemWin/App" -I"/Users/christiansager/Documents/Klanghabitat_Quantum/firmware/STM32_Workspace/DisplayIntegration/Inc" -I"/Users/christiansager/Documents/Klanghabitat_Quantum/firmware/STM32_Workspace/DisplayIntegration/Drivers/STM32F4xx_HAL_Driver/Inc" -I"/Users/christiansager/Documents/Klanghabitat_Quantum/firmware/STM32_Workspace/DisplayIntegration/Drivers/STM32F4xx_HAL_Driver/Inc/Legacy" -I"/Users/christiansager/Documents/Klanghabitat_Quantum/firmware/STM32_Workspace/DisplayIntegration/Drivers/BSP/Components/otm8009a" -I"/Users/christiansager/Documents/Klanghabitat_Quantum/firmware/STM32_Workspace/DisplayIntegration/Drivers/CMSIS/Device/ST/STM32F4xx/Include" -I"/Users/christiansager/Documents/Klanghabitat_Quantum/firmware/STM32_Workspace/DisplayIntegration/Middlewares/ST/STemWin/inc" -I"/Users/christiansager/Documents/Klanghabitat_Quantum/firmware/STM32_Workspace/DisplayIntegration/Drivers/BSP/Components/Common" -I"/Users/christiansager/Documents/Klanghabitat_Quantum/firmware/STM32_Workspace/DisplayIntegration/Drivers/CMSIS/Include" -I"/Users/christiansager/Documents/Klanghabitat_Quantum/firmware/STM32_Workspace/DisplayIntegration/Middlewares/ST/STM32_USB_Device_Library/Core/Inc" -I"/Users/christiansager/Documents/Klanghabitat_Quantum/firmware/STM32_Workspace/DisplayIntegration/Middlewares/ST/STM32_USB_Device_Library/Class/CDC/Inc"  -Og -g3 -Wall -fmessage-length=0 -ffunction-sections -c -fmessage-length=0 -MMD -MP -MF"STemWin/App/WindowDLG.d" -MT"STemWin/App/WindowDLG.o" -o "STemWin/App/WindowDLG.o" "../STemWin/App/WindowDLG.c"
../STemWin/App/WindowDLG.c: In function '_cbDialog':
../STemWin/App/WindowDLG.c:174:1: warning: statement with no effect [-Wunused-value]
 i;
 ^
../STemWin/App/WindowDLG.c:217:5: warning: implicit declaration of function 'CDC_Transmit_FS' [-Wimplicit-function-declaration]
     CDC_Transmit_FS("button_0 clicked\r\n", 18);
     ^~~~~~~~~~~~~~~
../STemWin/App/WindowDLG.c:169:16: warning: unused variable 'FileSize' [-Wunused-variable]
   U32          FileSize;
                ^~~~~~~~
../STemWin/App/WindowDLG.c:167:16: warning: unused variable 'pData' [-Wunused-variable]
   const void * pData;
                ^~~~~
../STemWin/App/WindowDLG.c: In function 'CDC_ReceiveCallBack':
../STemWin/App/WindowDLG.c:305:3: warning: assignment makes integer from pointer without a cast [-Wint-conversion]
 i = &buf;
   ^
At top level:
../STemWin/App/WindowDLG.c:144:21: warning: '_GetImageById' defined but not used [-Wunused-function]
 static const void * _GetImageById(U32 Id, U32 * pSize) {
                     ^~~~~~~~~~~~~
Finished building: ../STemWin/App/WindowDLG.c
 
Building target: DisplayIntegration.elf
Invoking: MCU GCC Linker
arm-none-eabi-gcc -mcpu=cortex-m4 -mthumb -mfloat-abi=hard -mfpu=fpv4-sp-d16 -L"/Users/christiansager/Documents/Klanghabitat_Quantum/firmware/STM32_Workspace/DisplayIntegration/Middlewares/ST/STemWin/Lib"  -specs=nosys.specs -specs=nano.specs -T"../STM32F469NIHx_FLASH.ld" -Wl,-Map=output.map -Wl,--gc-sections -o "DisplayIntegration.elf" @"objects.list"  -l:STemWin540_CM4_GCC_ot_ARGB.a -lm
Finished building target: DisplayIntegration.elf
 
/Library/Developer/CommandLineTools/usr/bin/make --no-print-directory post-build
Generating binary and Printing size information:
arm-none-eabi-objcopy -O binary "DisplayIntegration.elf" "DisplayIntegration.bin"
arm-none-eabi-size "DisplayIntegration.elf"
   text	   data	    bss	    dec	    hex	filename
 118460	    952	 124056	 243468	  3b70c	DisplayIntegration.elf
 
11:36:17 **** Incremental Build of configuration Debug for project DisplayIntegration ****
make all 
Building file: ../STemWin/App/WindowDLG.c
Invoking: MCU GCC Compiler
/Users/christiansager/Documents/Klanghabitat_Quantum/firmware/STM32_Workspace/DisplayIntegration/Debug
arm-none-eabi-gcc -mcpu=cortex-m4 -mthumb -mfloat-abi=hard -mfpu=fpv4-sp-d16 '-D__weak=__attribute__((weak))' '-D__packed="__attribute__((__packed__))"' -DUSE_HAL_DRIVER -DSTM32F469xx -I"/Users/christiansager/Documents/Klanghabitat_Quantum/firmware/STM32_Workspace/DisplayIntegration/STemWin/Target" -I"/Users/christiansager/Documents/Klanghabitat_Quantum/firmware/STM32_Workspace/DisplayIntegration/STemWin/App" -I"/Users/christiansager/Documents/Klanghabitat_Quantum/firmware/STM32_Workspace/DisplayIntegration/Inc" -I"/Users/christiansager/Documents/Klanghabitat_Quantum/firmware/STM32_Workspace/DisplayIntegration/Drivers/STM32F4xx_HAL_Driver/Inc" -I"/Users/christiansager/Documents/Klanghabitat_Quantum/firmware/STM32_Workspace/DisplayIntegration/Drivers/STM32F4xx_HAL_Driver/Inc/Legacy" -I"/Users/christiansager/Documents/Klanghabitat_Quantum/firmware/STM32_Workspace/DisplayIntegration/Drivers/BSP/Components/otm8009a" -I"/Users/christiansager/Documents/Klanghabitat_Quantum/firmware/STM32_Workspace/DisplayIntegration/Drivers/CMSIS/Device/ST/STM32F4xx/Include" -I"/Users/christiansager/Documents/Klanghabitat_Quantum/firmware/STM32_Workspace/DisplayIntegration/Middlewares/ST/STemWin/inc" -I"/Users/christiansager/Documents/Klanghabitat_Quantum/firmware/STM32_Workspace/DisplayIntegration/Drivers/BSP/Components/Common" -I"/Users/christiansager/Documents/Klanghabitat_Quantum/firmware/STM32_Workspace/DisplayIntegration/Drivers/CMSIS/Include" -I"/Users/christiansager/Documents/Klanghabitat_Quantum/firmware/STM32_Workspace/DisplayIntegration/Middlewares/ST/STM32_USB_Device_Library/Core/Inc" -I"/Users/christiansager/Documents/Klanghabitat_Quantum/firmware/STM32_Workspace/DisplayIntegration/Middlewares/ST/STM32_USB_Device_Library/Class/CDC/Inc"  -Og -g3 -Wall -fmessage-length=0 -ffunction-sections -c -fmessage-length=0 -MMD -MP -MF"STemWin/App/WindowDLG.d" -MT"STemWin/App/WindowDLG.o" -o "STemWin/App/WindowDLG.o" "../STemWin/App/WindowDLG.c"
../STemWin/App/WindowDLG.c: In function '_cbDialog':
../STemWin/App/WindowDLG.c:217:5: warning: implicit declaration of function 'CDC_Transmit_FS' [-Wimplicit-function-declaration]
     CDC_Transmit_FS("button_0 clicked\r\n", 18);
     ^~~~~~~~~~~~~~~
../STemWin/App/WindowDLG.c:169:16: warning: unused variable 'FileSize' [-Wunused-variable]
   U32          FileSize;
                ^~~~~~~~
../STemWin/App/WindowDLG.c:167:16: warning: unused variable 'pData' [-Wunused-variable]
   const void * pData;
                ^~~~~
../STemWin/App/WindowDLG.c: In function 'CDC_ReceiveCallBack':
../STemWin/App/WindowDLG.c:305:7: warning: assignment makes integer from pointer without a cast [-Wint-conversion]
 Value = &buf;
       ^
At top level:
../STemWin/App/WindowDLG.c:144:21: warning: '_GetImageById' defined but not used [-Wunused-function]
 static const void * _GetImageById(U32 Id, U32 * pSize) {
                     ^~~~~~~~~~~~~
Finished building: ../STemWin/App/WindowDLG.c
 
Building target: DisplayIntegration.elf
Invoking: MCU GCC Linker
arm-none-eabi-gcc -mcpu=cortex-m4 -mthumb -mfloat-abi=hard -mfpu=fpv4-sp-d16 -L"/Users/christiansager/Documents/Klanghabitat_Quantum/firmware/STM32_Workspace/DisplayIntegration/Middlewares/ST/STemWin/Lib"  -specs=nosys.specs -specs=nano.specs -T"../STM32F469NIHx_FLASH.ld" -Wl,-Map=output.map -Wl,--gc-sections -o "DisplayIntegration.elf" @"objects.list"  -l:STemWin540_CM4_GCC_ot_ARGB.a -lm
Finished building target: DisplayIntegration.elf
 
/Library/Developer/CommandLineTools/usr/bin/make --no-print-directory post-build
Generating binary and Printing size information:
arm-none-eabi-objcopy -O binary "DisplayIntegration.elf" "DisplayIntegration.bin"
arm-none-eabi-size "DisplayIntegration.elf"
   text	   data	    bss	    dec	    hex	filename
 118464	    952	 124056	 243472	  3b710	DisplayIntegration.elf
 
11:36:20 **** Incremental Build of configuration Debug for project DisplayIntegration ****
make all 
make: Nothing to be done for `all'.
11:36:37 **** Incremental Build of configuration Debug for project DisplayIntegration ****
make all 
make: Nothing to be done for `all'.
11:38:31 **** Incremental Build of configuration Debug for project DisplayIntegration ****
make all 
Building file: ../STemWin/App/WindowDLG.c
Invoking: MCU GCC Compiler
/Users/christiansager/Documents/Klanghabitat_Quantum/firmware/STM32_Workspace/DisplayIntegration/Debug
arm-none-eabi-gcc -mcpu=cortex-m4 -mthumb -mfloat-abi=hard -mfpu=fpv4-sp-d16 '-D__weak=__attribute__((weak))' '-D__packed="__attribute__((__packed__))"' -DUSE_HAL_DRIVER -DSTM32F469xx -I"/Users/christiansager/Documents/Klanghabitat_Quantum/firmware/STM32_Workspace/DisplayIntegration/STemWin/Target" -I"/Users/christiansager/Documents/Klanghabitat_Quantum/firmware/STM32_Workspace/DisplayIntegration/STemWin/App" -I"/Users/christiansager/Documents/Klanghabitat_Quantum/firmware/STM32_Workspace/DisplayIntegration/Inc" -I"/Users/christiansager/Documents/Klanghabitat_Quantum/firmware/STM32_Workspace/DisplayIntegration/Drivers/STM32F4xx_HAL_Driver/Inc" -I"/Users/christiansager/Documents/Klanghabitat_Quantum/firmware/STM32_Workspace/DisplayIntegration/Drivers/STM32F4xx_HAL_Driver/Inc/Legacy" -I"/Users/christiansager/Documents/Klanghabitat_Quantum/firmware/STM32_Workspace/DisplayIntegration/Drivers/BSP/Components/otm8009a" -I"/Users/christiansager/Documents/Klanghabitat_Quantum/firmware/STM32_Workspace/DisplayIntegration/Drivers/CMSIS/Device/ST/STM32F4xx/Include" -I"/Users/christiansager/Documents/Klanghabitat_Quantum/firmware/STM32_Workspace/DisplayIntegration/Middlewares/ST/STemWin/inc" -I"/Users/christiansager/Documents/Klanghabitat_Quantum/firmware/STM32_Workspace/DisplayIntegration/Drivers/BSP/Components/Common" -I"/Users/christiansager/Documents/Klanghabitat_Quantum/firmware/STM32_Workspace/DisplayIntegration/Drivers/CMSIS/Include" -I"/Users/christiansager/Documents/Klanghabitat_Quantum/firmware/STM32_Workspace/DisplayIntegration/Middlewares/ST/STM32_USB_Device_Library/Core/Inc" -I"/Users/christiansager/Documents/Klanghabitat_Quantum/firmware/STM32_Workspace/DisplayIntegration/Middlewares/ST/STM32_USB_Device_Library/Class/CDC/Inc"  -Og -g3 -Wall -fmessage-length=0 -ffunction-sections -c -fmessage-length=0 -MMD -MP -MF"STemWin/App/WindowDLG.d" -MT"STemWin/App/WindowDLG.o" -o "STemWin/App/WindowDLG.o" "../STemWin/App/WindowDLG.c"
../STemWin/App/WindowDLG.c: In function '_cbDialog':
../STemWin/App/WindowDLG.c:218:5: warning: implicit declaration of function 'CDC_Transmit_FS' [-Wimplicit-function-declaration]
     CDC_Transmit_FS("button_0 clicked\r\n", 18);
     ^~~~~~~~~~~~~~~
../STemWin/App/WindowDLG.c:169:16: warning: unused variable 'FileSize' [-Wunused-variable]
   U32          FileSize;
                ^~~~~~~~
../STemWin/App/WindowDLG.c:167:16: warning: unused variable 'pData' [-Wunused-variable]
   const void * pData;
                ^~~~~
../STemWin/App/WindowDLG.c: In function 'CDC_ReceiveCallBack':
../STemWin/App/WindowDLG.c:306:7: warning: assignment makes integer from pointer without a cast [-Wint-conversion]
 Value = &buf;
       ^
At top level:
../STemWin/App/WindowDLG.c:144:21: warning: '_GetImageById' defined but not used [-Wunused-function]
 static const void * _GetImageById(U32 Id, U32 * pSize) {
                     ^~~~~~~~~~~~~
Finished building: ../STemWin/App/WindowDLG.c
 
Building target: DisplayIntegration.elf
Invoking: MCU GCC Linker
arm-none-eabi-gcc -mcpu=cortex-m4 -mthumb -mfloat-abi=hard -mfpu=fpv4-sp-d16 -L"/Users/christiansager/Documents/Klanghabitat_Quantum/firmware/STM32_Workspace/DisplayIntegration/Middlewares/ST/STemWin/Lib"  -specs=nosys.specs -specs=nano.specs -T"../STM32F469NIHx_FLASH.ld" -Wl,-Map=output.map -Wl,--gc-sections -o "DisplayIntegration.elf" @"objects.list"  -l:STemWin540_CM4_GCC_ot_ARGB.a -lm
Finished building target: DisplayIntegration.elf
 
/Library/Developer/CommandLineTools/usr/bin/make --no-print-directory post-build
Generating binary and Printing size information:
arm-none-eabi-objcopy -O binary "DisplayIntegration.elf" "DisplayIntegration.bin"
arm-none-eabi-size "DisplayIntegration.elf"
   text	   data	    bss	    dec	    hex	filename
 118464	    952	 124056	 243472	  3b710	DisplayIntegration.elf
 
11:42:26 **** Incremental Build of configuration Debug for project DisplayIntegration ****
make all 
Building file: ../STemWin/App/WindowDLG.c
Invoking: MCU GCC Compiler
/Users/christiansager/Documents/Klanghabitat_Quantum/firmware/STM32_Workspace/DisplayIntegration/Debug
arm-none-eabi-gcc -mcpu=cortex-m4 -mthumb -mfloat-abi=hard -mfpu=fpv4-sp-d16 '-D__weak=__attribute__((weak))' '-D__packed="__attribute__((__packed__))"' -DUSE_HAL_DRIVER -DSTM32F469xx -I"/Users/christiansager/Documents/Klanghabitat_Quantum/firmware/STM32_Workspace/DisplayIntegration/STemWin/Target" -I"/Users/christiansager/Documents/Klanghabitat_Quantum/firmware/STM32_Workspace/DisplayIntegration/STemWin/App" -I"/Users/christiansager/Documents/Klanghabitat_Quantum/firmware/STM32_Workspace/DisplayIntegration/Inc" -I"/Users/christiansager/Documents/Klanghabitat_Quantum/firmware/STM32_Workspace/DisplayIntegration/Drivers/STM32F4xx_HAL_Driver/Inc" -I"/Users/christiansager/Documents/Klanghabitat_Quantum/firmware/STM32_Workspace/DisplayIntegration/Drivers/STM32F4xx_HAL_Driver/Inc/Legacy" -I"/Users/christiansager/Documents/Klanghabitat_Quantum/firmware/STM32_Workspace/DisplayIntegration/Drivers/BSP/Components/otm8009a" -I"/Users/christiansager/Documents/Klanghabitat_Quantum/firmware/STM32_Workspace/DisplayIntegration/Drivers/CMSIS/Device/ST/STM32F4xx/Include" -I"/Users/christiansager/Documents/Klanghabitat_Quantum/firmware/STM32_Workspace/DisplayIntegration/Middlewares/ST/STemWin/inc" -I"/Users/christiansager/Documents/Klanghabitat_Quantum/firmware/STM32_Workspace/DisplayIntegration/Drivers/BSP/Components/Common" -I"/Users/christiansager/Documents/Klanghabitat_Quantum/firmware/STM32_Workspace/DisplayIntegration/Drivers/CMSIS/Include" -I"/Users/christiansager/Documents/Klanghabitat_Quantum/firmware/STM32_Workspace/DisplayIntegration/Middlewares/ST/STM32_USB_Device_Library/Core/Inc" -I"/Users/christiansager/Documents/Klanghabitat_Quantum/firmware/STM32_Workspace/DisplayIntegration/Middlewares/ST/STM32_USB_Device_Library/Class/CDC/Inc"  -Og -g3 -Wall -fmessage-length=0 -ffunction-sections -c -fmessage-length=0 -MMD -MP -MF"STemWin/App/WindowDLG.d" -MT"STemWin/App/WindowDLG.o" -o "STemWin/App/WindowDLG.o" "../STemWin/App/WindowDLG.c"
../STemWin/App/WindowDLG.c: In function '_cbDialog':
../STemWin/App/WindowDLG.c:222:5: warning: implicit declaration of function 'CDC_Transmit_FS' [-Wimplicit-function-declaration]
     CDC_Transmit_FS("button_0 clicked\r\n", 18);
     ^~~~~~~~~~~~~~~
../STemWin/App/WindowDLG.c:169:16: warning: unused variable 'FileSize' [-Wunused-variable]
   U32          FileSize;
                ^~~~~~~~
../STemWin/App/WindowDLG.c:167:16: warning: unused variable 'pData' [-Wunused-variable]
   const void * pData;
                ^~~~~
../STemWin/App/WindowDLG.c: In function 'CDC_ReceiveCallBack':
../STemWin/App/WindowDLG.c:310:7: warning: assignment makes integer from pointer without a cast [-Wint-conversion]
 Value = &buf;
       ^
At top level:
../STemWin/App/WindowDLG.c:144:21: warning: '_GetImageById' defined but not used [-Wunused-function]
 static const void * _GetImageById(U32 Id, U32 * pSize) {
                     ^~~~~~~~~~~~~
Finished building: ../STemWin/App/WindowDLG.c
 
Building target: DisplayIntegration.elf
Invoking: MCU GCC Linker
arm-none-eabi-gcc -mcpu=cortex-m4 -mthumb -mfloat-abi=hard -mfpu=fpv4-sp-d16 -L"/Users/christiansager/Documents/Klanghabitat_Quantum/firmware/STM32_Workspace/DisplayIntegration/Middlewares/ST/STemWin/Lib"  -specs=nosys.specs -specs=nano.specs -T"../STM32F469NIHx_FLASH.ld" -Wl,-Map=output.map -Wl,--gc-sections -o "DisplayIntegration.elf" @"objects.list"  -l:STemWin540_CM4_GCC_ot_ARGB.a -lm
Finished building target: DisplayIntegration.elf
 
/Library/Developer/CommandLineTools/usr/bin/make --no-print-directory post-build
Generating binary and Printing size information:
arm-none-eabi-objcopy -O binary "DisplayIntegration.elf" "DisplayIntegration.bin"
arm-none-eabi-size "DisplayIntegration.elf"
   text	   data	    bss	    dec	    hex	filename
 118480	    952	 124056	 243488	  3b720	DisplayIntegration.elf
 
11:42:53 **** Incremental Build of configuration Debug for project DisplayIntegration ****
make all 
Building file: ../STemWin/App/GUI_App.c
Invoking: MCU GCC Compiler
/Users/christiansager/Documents/Klanghabitat_Quantum/firmware/STM32_Workspace/DisplayIntegration/Debug
arm-none-eabi-gcc -mcpu=cortex-m4 -mthumb -mfloat-abi=hard -mfpu=fpv4-sp-d16 '-D__weak=__attribute__((weak))' '-D__packed="__attribute__((__packed__))"' -DUSE_HAL_DRIVER -DSTM32F469xx -I"/Users/christiansager/Documents/Klanghabitat_Quantum/firmware/STM32_Workspace/DisplayIntegration/STemWin/Target" -I"/Users/christiansager/Documents/Klanghabitat_Quantum/firmware/STM32_Workspace/DisplayIntegration/STemWin/App" -I"/Users/christiansager/Documents/Klanghabitat_Quantum/firmware/STM32_Workspace/DisplayIntegration/Inc" -I"/Users/christiansager/Documents/Klanghabitat_Quantum/firmware/STM32_Workspace/DisplayIntegration/Drivers/STM32F4xx_HAL_Driver/Inc" -I"/Users/christiansager/Documents/Klanghabitat_Quantum/firmware/STM32_Workspace/DisplayIntegration/Drivers/STM32F4xx_HAL_Driver/Inc/Legacy" -I"/Users/christiansager/Documents/Klanghabitat_Quantum/firmware/STM32_Workspace/DisplayIntegration/Drivers/BSP/Components/otm8009a" -I"/Users/christiansager/Documents/Klanghabitat_Quantum/firmware/STM32_Workspace/DisplayIntegration/Drivers/CMSIS/Device/ST/STM32F4xx/Include" -I"/Users/christiansager/Documents/Klanghabitat_Quantum/firmware/STM32_Workspace/DisplayIntegration/Middlewares/ST/STemWin/inc" -I"/Users/christiansager/Documents/Klanghabitat_Quantum/firmware/STM32_Workspace/DisplayIntegration/Drivers/BSP/Components/Common" -I"/Users/christiansager/Documents/Klanghabitat_Quantum/firmware/STM32_Workspace/DisplayIntegration/Drivers/CMSIS/Include" -I"/Users/christiansager/Documents/Klanghabitat_Quantum/firmware/STM32_Workspace/DisplayIntegration/Middlewares/ST/STM32_USB_Device_Library/Core/Inc" -I"/Users/christiansager/Documents/Klanghabitat_Quantum/firmware/STM32_Workspace/DisplayIntegration/Middlewares/ST/STM32_USB_Device_Library/Class/CDC/Inc"  -Og -g3 -Wall -fmessage-length=0 -ffunction-sections -c -fmessage-length=0 -MMD -MP -MF"STemWin/App/GUI_App.d" -MT"STemWin/App/GUI_App.o" -o "STemWin/App/GUI_App.o" "../STemWin/App/GUI_App.c"
../STemWin/App/GUI_App.c: In function 'GRAPHICS_MainTask':
../STemWin/App/GUI_App.c:61:10: warning: implicit declaration of function 'CreateWindow'; did you mean 'WM_CreateWindow'? [-Wimplicit-function-declaration]
   hWin = CreateWindow();
          ^~~~~~~~~~~~
          WM_CreateWindow
Finished building: ../STemWin/App/GUI_App.c
 
Building target: DisplayIntegration.elf
Invoking: MCU GCC Linker
arm-none-eabi-gcc -mcpu=cortex-m4 -mthumb -mfloat-abi=hard -mfpu=fpv4-sp-d16 -L"/Users/christiansager/Documents/Klanghabitat_Quantum/firmware/STM32_Workspace/DisplayIntegration/Middlewares/ST/STemWin/Lib"  -specs=nosys.specs -specs=nano.specs -T"../STM32F469NIHx_FLASH.ld" -Wl,-Map=output.map -Wl,--gc-sections -o "DisplayIntegration.elf" @"objects.list"  -l:STemWin540_CM4_GCC_ot_ARGB.a -lm
Finished building target: DisplayIntegration.elf
 
/Library/Developer/CommandLineTools/usr/bin/make --no-print-directory post-build
Generating binary and Printing size information:
arm-none-eabi-objcopy -O binary "DisplayIntegration.elf" "DisplayIntegration.bin"
arm-none-eabi-size "DisplayIntegration.elf"
   text	   data	    bss	    dec	    hex	filename
 118480	    952	 124056	 243488	  3b720	DisplayIntegration.elf
 
11:46:37 **** Incremental Build of configuration Debug for project DisplayIntegration ****
make all 
Building file: ../STemWin/App/WindowDLG.c
Invoking: MCU GCC Compiler
/Users/christiansager/Documents/Klanghabitat_Quantum/firmware/STM32_Workspace/DisplayIntegration/Debug
arm-none-eabi-gcc -mcpu=cortex-m4 -mthumb -mfloat-abi=hard -mfpu=fpv4-sp-d16 '-D__weak=__attribute__((weak))' '-D__packed="__attribute__((__packed__))"' -DUSE_HAL_DRIVER -DSTM32F469xx -I"/Users/christiansager/Documents/Klanghabitat_Quantum/firmware/STM32_Workspace/DisplayIntegration/STemWin/Target" -I"/Users/christiansager/Documents/Klanghabitat_Quantum/firmware/STM32_Workspace/DisplayIntegration/STemWin/App" -I"/Users/christiansager/Documents/Klanghabitat_Quantum/firmware/STM32_Workspace/DisplayIntegration/Inc" -I"/Users/christiansager/Documents/Klanghabitat_Quantum/firmware/STM32_Workspace/DisplayIntegration/Drivers/STM32F4xx_HAL_Driver/Inc" -I"/Users/christiansager/Documents/Klanghabitat_Quantum/firmware/STM32_Workspace/DisplayIntegration/Drivers/STM32F4xx_HAL_Driver/Inc/Legacy" -I"/Users/christiansager/Documents/Klanghabitat_Quantum/firmware/STM32_Workspace/DisplayIntegration/Drivers/BSP/Components/otm8009a" -I"/Users/christiansager/Documents/Klanghabitat_Quantum/firmware/STM32_Workspace/DisplayIntegration/Drivers/CMSIS/Device/ST/STM32F4xx/Include" -I"/Users/christiansager/Documents/Klanghabitat_Quantum/firmware/STM32_Workspace/DisplayIntegration/Middlewares/ST/STemWin/inc" -I"/Users/christiansager/Documents/Klanghabitat_Quantum/firmware/STM32_Workspace/DisplayIntegration/Drivers/BSP/Components/Common" -I"/Users/christiansager/Documents/Klanghabitat_Quantum/firmware/STM32_Workspace/DisplayIntegration/Drivers/CMSIS/Include" -I"/Users/christiansager/Documents/Klanghabitat_Quantum/firmware/STM32_Workspace/DisplayIntegration/Middlewares/ST/STM32_USB_Device_Library/Core/Inc" -I"/Users/christiansager/Documents/Klanghabitat_Quantum/firmware/STM32_Workspace/DisplayIntegration/Middlewares/ST/STM32_USB_Device_Library/Class/CDC/Inc"  -Og -g3 -Wall -fmessage-length=0 -ffunction-sections -c -fmessage-length=0 -MMD -MP -MF"STemWin/App/WindowDLG.d" -MT"STemWin/App/WindowDLG.o" -o "STemWin/App/WindowDLG.o" "../STemWin/App/WindowDLG.c"
../STemWin/App/WindowDLG.c: In function '_cbDialog':
../STemWin/App/WindowDLG.c:226:5: warning: implicit declaration of function 'CDC_Transmit_FS' [-Wimplicit-function-declaration]
     CDC_Transmit_FS("button_0 clicked\r\n", 18);
     ^~~~~~~~~~~~~~~
../STemWin/App/WindowDLG.c:171:16: warning: unused variable 'FileSize' [-Wunused-variable]
   U32          FileSize;
                ^~~~~~~~
../STemWin/App/WindowDLG.c:169:16: warning: unused variable 'pData' [-Wunused-variable]
   const void * pData;
                ^~~~~
../STemWin/App/WindowDLG.c: In function 'CDC_ReceiveCallBack':
../STemWin/App/WindowDLG.c:314:7: warning: assignment makes integer from pointer without a cast [-Wint-conversion]
 Value = &buf;
       ^
At top level:
../STemWin/App/WindowDLG.c:146:21: warning: '_GetImageById' defined but not used [-Wunused-function]
 static const void * _GetImageById(U32 Id, U32 * pSize) {
                     ^~~~~~~~~~~~~
Finished building: ../STemWin/App/WindowDLG.c
 
Building target: DisplayIntegration.elf
Invoking: MCU GCC Linker
arm-none-eabi-gcc -mcpu=cortex-m4 -mthumb -mfloat-abi=hard -mfpu=fpv4-sp-d16 -L"/Users/christiansager/Documents/Klanghabitat_Quantum/firmware/STM32_Workspace/DisplayIntegration/Middlewares/ST/STemWin/Lib"  -specs=nosys.specs -specs=nano.specs -T"../STM32F469NIHx_FLASH.ld" -Wl,-Map=output.map -Wl,--gc-sections -o "DisplayIntegration.elf" @"objects.list"  -l:STemWin540_CM4_GCC_ot_ARGB.a -lm
Finished building target: DisplayIntegration.elf
 
/Library/Developer/CommandLineTools/usr/bin/make --no-print-directory post-build
Generating binary and Printing size information:
arm-none-eabi-objcopy -O binary "DisplayIntegration.elf" "DisplayIntegration.bin"
arm-none-eabi-size "DisplayIntegration.elf"
   text	   data	    bss	    dec	    hex	filename
 118504	    956	 124060	 243520	  3b740	DisplayIntegration.elf
 
11:47:13 **** Incremental Build of configuration Debug for project DisplayIntegration ****
make all 
Building file: ../STemWin/App/WindowDLG.c
Invoking: MCU GCC Compiler
/Users/christiansager/Documents/Klanghabitat_Quantum/firmware/STM32_Workspace/DisplayIntegration/Debug
arm-none-eabi-gcc -mcpu=cortex-m4 -mthumb -mfloat-abi=hard -mfpu=fpv4-sp-d16 '-D__weak=__attribute__((weak))' '-D__packed="__attribute__((__packed__))"' -DUSE_HAL_DRIVER -DSTM32F469xx -I"/Users/christiansager/Documents/Klanghabitat_Quantum/firmware/STM32_Workspace/DisplayIntegration/STemWin/Target" -I"/Users/christiansager/Documents/Klanghabitat_Quantum/firmware/STM32_Workspace/DisplayIntegration/STemWin/App" -I"/Users/christiansager/Documents/Klanghabitat_Quantum/firmware/STM32_Workspace/DisplayIntegration/Inc" -I"/Users/christiansager/Documents/Klanghabitat_Quantum/firmware/STM32_Workspace/DisplayIntegration/Drivers/STM32F4xx_HAL_Driver/Inc" -I"/Users/christiansager/Documents/Klanghabitat_Quantum/firmware/STM32_Workspace/DisplayIntegration/Drivers/STM32F4xx_HAL_Driver/Inc/Legacy" -I"/Users/christiansager/Documents/Klanghabitat_Quantum/firmware/STM32_Workspace/DisplayIntegration/Drivers/BSP/Components/otm8009a" -I"/Users/christiansager/Documents/Klanghabitat_Quantum/firmware/STM32_Workspace/DisplayIntegration/Drivers/CMSIS/Device/ST/STM32F4xx/Include" -I"/Users/christiansager/Documents/Klanghabitat_Quantum/firmware/STM32_Workspace/DisplayIntegration/Middlewares/ST/STemWin/inc" -I"/Users/christiansager/Documents/Klanghabitat_Quantum/firmware/STM32_Workspace/DisplayIntegration/Drivers/BSP/Components/Common" -I"/Users/christiansager/Documents/Klanghabitat_Quantum/firmware/STM32_Workspace/DisplayIntegration/Drivers/CMSIS/Include" -I"/Users/christiansager/Documents/Klanghabitat_Quantum/firmware/STM32_Workspace/DisplayIntegration/Middlewares/ST/STM32_USB_Device_Library/Core/Inc" -I"/Users/christiansager/Documents/Klanghabitat_Quantum/firmware/STM32_Workspace/DisplayIntegration/Middlewares/ST/STM32_USB_Device_Library/Class/CDC/Inc"  -Og -g3 -Wall -fmessage-length=0 -ffunction-sections -c -fmessage-length=0 -MMD -MP -MF"STemWin/App/WindowDLG.d" -MT"STemWin/App/WindowDLG.o" -o "STemWin/App/WindowDLG.o" "../STemWin/App/WindowDLG.c"
../STemWin/App/WindowDLG.c: In function '_cbDialog':
../STemWin/App/WindowDLG.c:226:5: warning: implicit declaration of function 'CDC_Transmit_FS' [-Wimplicit-function-declaration]
     CDC_Transmit_FS("button_0 clicked\r\n", 18);
     ^~~~~~~~~~~~~~~
../STemWin/App/WindowDLG.c:171:16: warning: unused variable 'FileSize' [-Wunused-variable]
   U32          FileSize;
                ^~~~~~~~
../STemWin/App/WindowDLG.c:169:16: warning: unused variable 'pData' [-Wunused-variable]
   const void * pData;
                ^~~~~
../STemWin/App/WindowDLG.c: In function 'CDC_ReceiveCallBack':
../STemWin/App/WindowDLG.c:314:7: warning: assignment makes integer from pointer without a cast [-Wint-conversion]
 Value = &buf;
       ^
At top level:
../STemWin/App/WindowDLG.c:146:21: warning: '_GetImageById' defined but not used [-Wunused-function]
 static const void * _GetImageById(U32 Id, U32 * pSize) {
                     ^~~~~~~~~~~~~
Finished building: ../STemWin/App/WindowDLG.c
 
Building target: DisplayIntegration.elf
Invoking: MCU GCC Linker
arm-none-eabi-gcc -mcpu=cortex-m4 -mthumb -mfloat-abi=hard -mfpu=fpv4-sp-d16 -L"/Users/christiansager/Documents/Klanghabitat_Quantum/firmware/STM32_Workspace/DisplayIntegration/Middlewares/ST/STemWin/Lib"  -specs=nosys.specs -specs=nano.specs -T"../STM32F469NIHx_FLASH.ld" -Wl,-Map=output.map -Wl,--gc-sections -o "DisplayIntegration.elf" @"objects.list"  -l:STemWin540_CM4_GCC_ot_ARGB.a -lm
Finished building target: DisplayIntegration.elf
 
/Library/Developer/CommandLineTools/usr/bin/make --no-print-directory post-build
Generating binary and Printing size information:
arm-none-eabi-objcopy -O binary "DisplayIntegration.elf" "DisplayIntegration.bin"
arm-none-eabi-size "DisplayIntegration.elf"
   text	   data	    bss	    dec	    hex	filename
 118504	    956	 124060	 243520	  3b740	DisplayIntegration.elf
 
11:47:35 **** Incremental Build of configuration Debug for project DisplayIntegration ****
make all 
Building file: ../STemWin/App/GUI_App.c
Invoking: MCU GCC Compiler
/Users/christiansager/Documents/Klanghabitat_Quantum/firmware/STM32_Workspace/DisplayIntegration/Debug
arm-none-eabi-gcc -mcpu=cortex-m4 -mthumb -mfloat-abi=hard -mfpu=fpv4-sp-d16 '-D__weak=__attribute__((weak))' '-D__packed="__attribute__((__packed__))"' -DUSE_HAL_DRIVER -DSTM32F469xx -I"/Users/christiansager/Documents/Klanghabitat_Quantum/firmware/STM32_Workspace/DisplayIntegration/STemWin/Target" -I"/Users/christiansager/Documents/Klanghabitat_Quantum/firmware/STM32_Workspace/DisplayIntegration/STemWin/App" -I"/Users/christiansager/Documents/Klanghabitat_Quantum/firmware/STM32_Workspace/DisplayIntegration/Inc" -I"/Users/christiansager/Documents/Klanghabitat_Quantum/firmware/STM32_Workspace/DisplayIntegration/Drivers/STM32F4xx_HAL_Driver/Inc" -I"/Users/christiansager/Documents/Klanghabitat_Quantum/firmware/STM32_Workspace/DisplayIntegration/Drivers/STM32F4xx_HAL_Driver/Inc/Legacy" -I"/Users/christiansager/Documents/Klanghabitat_Quantum/firmware/STM32_Workspace/DisplayIntegration/Drivers/BSP/Components/otm8009a" -I"/Users/christiansager/Documents/Klanghabitat_Quantum/firmware/STM32_Workspace/DisplayIntegration/Drivers/CMSIS/Device/ST/STM32F4xx/Include" -I"/Users/christiansager/Documents/Klanghabitat_Quantum/firmware/STM32_Workspace/DisplayIntegration/Middlewares/ST/STemWin/inc" -I"/Users/christiansager/Documents/Klanghabitat_Quantum/firmware/STM32_Workspace/DisplayIntegration/Drivers/BSP/Components/Common" -I"/Users/christiansager/Documents/Klanghabitat_Quantum/firmware/STM32_Workspace/DisplayIntegration/Drivers/CMSIS/Include" -I"/Users/christiansager/Documents/Klanghabitat_Quantum/firmware/STM32_Workspace/DisplayIntegration/Middlewares/ST/STM32_USB_Device_Library/Core/Inc" -I"/Users/christiansager/Documents/Klanghabitat_Quantum/firmware/STM32_Workspace/DisplayIntegration/Middlewares/ST/STM32_USB_Device_Library/Class/CDC/Inc"  -Og -g3 -Wall -fmessage-length=0 -ffunction-sections -c -fmessage-length=0 -MMD -MP -MF"STemWin/App/GUI_App.d" -MT"STemWin/App/GUI_App.o" -o "STemWin/App/GUI_App.o" "../STemWin/App/GUI_App.c"
../STemWin/App/GUI_App.c: In function 'GRAPHICS_MainTask':
../STemWin/App/GUI_App.c:61:10: warning: implicit declaration of function 'CreateWindow'; did you mean 'WM_CreateWindow'? [-Wimplicit-function-declaration]
   hWin = CreateWindow();
          ^~~~~~~~~~~~
          WM_CreateWindow
Finished building: ../STemWin/App/GUI_App.c
 
Building target: DisplayIntegration.elf
Invoking: MCU GCC Linker
arm-none-eabi-gcc -mcpu=cortex-m4 -mthumb -mfloat-abi=hard -mfpu=fpv4-sp-d16 -L"/Users/christiansager/Documents/Klanghabitat_Quantum/firmware/STM32_Workspace/DisplayIntegration/Middlewares/ST/STemWin/Lib"  -specs=nosys.specs -specs=nano.specs -T"../STM32F469NIHx_FLASH.ld" -Wl,-Map=output.map -Wl,--gc-sections -o "DisplayIntegration.elf" @"objects.list"  -l:STemWin540_CM4_GCC_ot_ARGB.a -lm
Finished building target: DisplayIntegration.elf
 
/Library/Developer/CommandLineTools/usr/bin/make --no-print-directory post-build
Generating binary and Printing size information:
arm-none-eabi-objcopy -O binary "DisplayIntegration.elf" "DisplayIntegration.bin"
arm-none-eabi-size "DisplayIntegration.elf"
   text	   data	    bss	    dec	    hex	filename
 118504	    956	 124060	 243520	  3b740	DisplayIntegration.elf
 
