2020-03-21 11:43:26,862 [INFO] Activator:176 - 


2020-03-21 11:43:26,866 [INFO] Activator:177 - !SESSION log4j initialized
2020-03-21 11:43:27,934 [ERROR] LogOutputStream:74 - [STDERR_REDIRECT] 
2020-03-21 11:44:26,969 [ERROR] LogOutputStream:74 - [STDERR_REDIRECT] Managed Build system manifest file error: Option fr.ac6.managedbuild.option.gnu.cross.prefix.167303286 uses a null category that is invalid in its context. The option was ignored.
2020-03-21 11:44:26,971 [ERROR] LogOutputStream:74 - [STDERR_REDIRECT] Managed Build system manifest file error: Option fr.ac6.managedbuild.option.gnu.cross.mcu.1978367317 uses a null category that is invalid in its context. The option was ignored.
2020-03-21 11:44:26,974 [ERROR] LogOutputStream:74 - [STDERR_REDIRECT] Managed Build system manifest file error: Option fr.ac6.managedbuild.option.gnu.cross.board.153456693 uses a null category that is invalid in its context. The option was ignored.
2020-03-21 11:44:26,975 [ERROR] LogOutputStream:74 - [STDERR_REDIRECT] Managed Build system manifest file error: Option fr.ac6.managedbuild.option.gnu.cross.core.1083960614 uses a null category that is invalid in its context. The option was ignored.
2020-03-21 11:44:26,977 [ERROR] LogOutputStream:74 - [STDERR_REDIRECT] Managed Build system manifest file error: Option fr.ac6.managedbuild.option.gnu.cross.instructionSet.1850180340 uses a null category that is invalid in its context. The option was ignored.
2020-03-21 11:44:26,979 [ERROR] LogOutputStream:74 - [STDERR_REDIRECT] Managed Build system manifest file error: Option fr.ac6.managedbuild.option.gnu.cross.fpu.1806921962 uses a null category that is invalid in its context. The option was ignored.
2020-03-21 11:44:26,980 [ERROR] LogOutputStream:74 - [STDERR_REDIRECT] Managed Build system manifest file error: Option fr.ac6.managedbuild.option.gnu.cross.floatabi.1740959832 uses a null category that is invalid in its context. The option was ignored.
2020-03-21 11:44:27,301 [ERROR] LogOutputStream:74 - [STDERR_REDIRECT] Managed Build system manifest file error: Option fr.ac6.managedbuild.option.gnu.cross.prefix.167303286 uses a null category that is invalid in its context. The option was ignored.
2020-03-21 11:44:27,302 [ERROR] LogOutputStream:74 - [STDERR_REDIRECT] Managed Build system manifest file error: Option fr.ac6.managedbuild.option.gnu.cross.mcu.1978367317 uses a null category that is invalid in its context. The option was ignored.
2020-03-21 11:44:27,303 [ERROR] LogOutputStream:74 - [STDERR_REDIRECT] Managed Build system manifest file error: Option fr.ac6.managedbuild.option.gnu.cross.board.153456693 uses a null category that is invalid in its context. The option was ignored.
2020-03-21 11:44:27,304 [ERROR] LogOutputStream:74 - [STDERR_REDIRECT] Managed Build system manifest file error: Option fr.ac6.managedbuild.option.gnu.cross.core.1083960614 uses a null category that is invalid in its context. The option was ignored.
2020-03-21 11:44:27,305 [ERROR] LogOutputStream:74 - [STDERR_REDIRECT] Managed Build system manifest file error: Option fr.ac6.managedbuild.option.gnu.cross.instructionSet.1850180340 uses a null category that is invalid in its context. The option was ignored.
2020-03-21 11:44:27,306 [ERROR] LogOutputStream:74 - [STDERR_REDIRECT] Managed Build system manifest file error: Option fr.ac6.managedbuild.option.gnu.cross.fpu.1806921962 uses a null category that is invalid in its context. The option was ignored.
2020-03-21 11:44:27,307 [ERROR] LogOutputStream:74 - [STDERR_REDIRECT] Managed Build system manifest file error: Option fr.ac6.managedbuild.option.gnu.cross.floatabi.1740959832 uses a null category that is invalid in its context. The option was ignored.
2020-03-21 11:44:55,963 [ERROR] LogOutputStream:74 - [STDERR_REDIRECT] Managed Build system manifest file error: Option fr.ac6.managedbuild.option.gnu.cross.prefix.102286404 uses a null category that is invalid in its context. The option was ignored.
2020-03-21 11:44:55,965 [ERROR] LogOutputStream:74 - [STDERR_REDIRECT] Managed Build system manifest file error: Option fr.ac6.managedbuild.option.gnu.cross.mcu.1222007015 uses a null category that is invalid in its context. The option was ignored.
2020-03-21 11:44:55,966 [ERROR] LogOutputStream:74 - [STDERR_REDIRECT] Managed Build system manifest file error: Option fr.ac6.managedbuild.option.gnu.cross.board.1598895779 uses a null category that is invalid in its context. The option was ignored.
2020-03-21 11:44:55,967 [ERROR] LogOutputStream:74 - [STDERR_REDIRECT] Managed Build system manifest file error: Option fr.ac6.managedbuild.option.gnu.cross.core.1083960614 uses a null category that is invalid in its context. The option was ignored.
2020-03-21 11:44:55,968 [ERROR] LogOutputStream:74 - [STDERR_REDIRECT] Managed Build system manifest file error: Option fr.ac6.managedbuild.option.gnu.cross.instructionSet.881291157 uses a null category that is invalid in its context. The option was ignored.
2020-03-21 11:44:55,969 [ERROR] LogOutputStream:74 - [STDERR_REDIRECT] Managed Build system manifest file error: Option fr.ac6.managedbuild.option.gnu.cross.fpu.1234289445 uses a null category that is invalid in its context. The option was ignored.
2020-03-21 11:44:55,970 [ERROR] LogOutputStream:74 - [STDERR_REDIRECT] Managed Build system manifest file error: Option fr.ac6.managedbuild.option.gnu.cross.floatabi.2113136440 uses a null category that is invalid in its context. The option was ignored.
2020-03-21 11:44:55,985 [ERROR] LogOutputStream:74 - [STDERR_REDIRECT] Managed Build system manifest file error: Option fr.ac6.managedbuild.option.gnu.cross.prefix.102286404 uses a null category that is invalid in its context. The option was ignored.
2020-03-21 11:44:55,986 [ERROR] LogOutputStream:74 - [STDERR_REDIRECT] Managed Build system manifest file error: Option fr.ac6.managedbuild.option.gnu.cross.mcu.1222007015 uses a null category that is invalid in its context. The option was ignored.
2020-03-21 11:44:55,987 [ERROR] LogOutputStream:74 - [STDERR_REDIRECT] Managed Build system manifest file error: Option fr.ac6.managedbuild.option.gnu.cross.board.1598895779 uses a null category that is invalid in its context. The option was ignored.
2020-03-21 11:44:55,987 [ERROR] LogOutputStream:74 - [STDERR_REDIRECT] Managed Build system manifest file error: Option fr.ac6.managedbuild.option.gnu.cross.core.1083960614 uses a null category that is invalid in its context. The option was ignored.
2020-03-21 11:44:55,988 [ERROR] LogOutputStream:74 - [STDERR_REDIRECT] Managed Build system manifest file error: Option fr.ac6.managedbuild.option.gnu.cross.instructionSet.881291157 uses a null category that is invalid in its context. The option was ignored.
2020-03-21 11:44:55,989 [ERROR] LogOutputStream:74 - [STDERR_REDIRECT] Managed Build system manifest file error: Option fr.ac6.managedbuild.option.gnu.cross.fpu.1234289445 uses a null category that is invalid in its context. The option was ignored.
2020-03-21 11:44:55,990 [ERROR] LogOutputStream:74 - [STDERR_REDIRECT] Managed Build system manifest file error: Option fr.ac6.managedbuild.option.gnu.cross.floatabi.2113136440 uses a null category that is invalid in its context. The option was ignored.
2020-03-21 11:45:12,951 [ERROR] LogOutputStream:74 - [STDERR_REDIRECT] Managed Build system manifest file error: Option fr.ac6.managedbuild.option.gnu.cross.prefix.1289832271 uses a null category that is invalid in its context. The option was ignored.
2020-03-21 11:45:12,952 [ERROR] LogOutputStream:74 - [STDERR_REDIRECT] Managed Build system manifest file error: Option fr.ac6.managedbuild.option.gnu.cross.mcu.645065128 uses a null category that is invalid in its context. The option was ignored.
2020-03-21 11:45:12,954 [ERROR] LogOutputStream:74 - [STDERR_REDIRECT] Managed Build system manifest file error: Option fr.ac6.managedbuild.option.gnu.cross.board.436736691 uses a null category that is invalid in its context. The option was ignored.
2020-03-21 11:45:12,955 [ERROR] LogOutputStream:74 - [STDERR_REDIRECT] Managed Build system manifest file error: Option fr.ac6.managedbuild.option.gnu.cross.instructionSet.630577237 uses a null category that is invalid in its context. The option was ignored.
2020-03-21 11:45:12,956 [ERROR] LogOutputStream:74 - [STDERR_REDIRECT] Managed Build system manifest file error: Option fr.ac6.managedbuild.option.gnu.cross.fpu.116546748 uses a null category that is invalid in its context. The option was ignored.
2020-03-21 11:45:12,958 [ERROR] LogOutputStream:74 - [STDERR_REDIRECT] Managed Build system manifest file error: Option fr.ac6.managedbuild.option.gnu.cross.floatabi.241500127 uses a null category that is invalid in its context. The option was ignored.
2020-03-21 11:45:12,983 [ERROR] LogOutputStream:74 - [STDERR_REDIRECT] Managed Build system manifest file error: Option fr.ac6.managedbuild.option.gnu.cross.prefix.1289832271 uses a null category that is invalid in its context. The option was ignored.
2020-03-21 11:45:12,984 [ERROR] LogOutputStream:74 - [STDERR_REDIRECT] Managed Build system manifest file error: Option fr.ac6.managedbuild.option.gnu.cross.mcu.645065128 uses a null category that is invalid in its context. The option was ignored.
2020-03-21 11:45:12,984 [ERROR] LogOutputStream:74 - [STDERR_REDIRECT] Managed Build system manifest file error: Option fr.ac6.managedbuild.option.gnu.cross.board.436736691 uses a null category that is invalid in its context. The option was ignored.
2020-03-21 11:45:12,986 [ERROR] LogOutputStream:74 - [STDERR_REDIRECT] Managed Build system manifest file error: Option fr.ac6.managedbuild.option.gnu.cross.instructionSet.630577237 uses a null category that is invalid in its context. The option was ignored.
2020-03-21 11:45:12,987 [ERROR] LogOutputStream:74 - [STDERR_REDIRECT] Managed Build system manifest file error: Option fr.ac6.managedbuild.option.gnu.cross.fpu.116546748 uses a null category that is invalid in its context. The option was ignored.
2020-03-21 11:45:12,988 [ERROR] LogOutputStream:74 - [STDERR_REDIRECT] Managed Build system manifest file error: Option fr.ac6.managedbuild.option.gnu.cross.floatabi.241500127 uses a null category that is invalid in its context. The option was ignored.
2020-03-21 11:49:27,439 [INFO] RetryExec:97 - I/O exception (org.apache.http.NoHttpResponseException) caught when processing request to {}->http://download.eclipse.org:80: The target server failed to respond
2020-03-21 11:49:27,444 [INFO] RetryExec:113 - Retrying request to {}->http://download.eclipse.org:80
2020-03-21 11:49:33,211 [INFO] RetryExec:97 - I/O exception (org.apache.http.NoHttpResponseException) caught when processing request to {s}->https://download.eclipse.org:443: The target server failed to respond
2020-03-21 11:49:33,212 [INFO] RetryExec:113 - Retrying request to {s}->https://download.eclipse.org:443
2020-03-21 11:49:38,954 [INFO] RetryExec:97 - I/O exception (org.apache.http.NoHttpResponseException) caught when processing request to {s}->https://download.eclipse.org:443: The target server failed to respond
2020-03-21 11:49:38,955 [INFO] RetryExec:113 - Retrying request to {s}->https://download.eclipse.org:443
2020-03-21 11:49:40,724 [INFO] RetryExec:97 - I/O exception (org.apache.http.NoHttpResponseException) caught when processing request to {s}->https://download.eclipse.org:443: The target server failed to respond
2020-03-21 11:49:40,725 [INFO] RetryExec:113 - Retrying request to {s}->https://download.eclipse.org:443
2020-03-21 11:49:41,486 [INFO] RetryExec:97 - I/O exception (org.apache.http.NoHttpResponseException) caught when processing request to {s}->https://download.eclipse.org:443: The target server failed to respond
2020-03-21 11:49:41,486 [INFO] RetryExec:113 - Retrying request to {s}->https://download.eclipse.org:443
2020-03-21 11:49:43,436 [INFO] RetryExec:97 - I/O exception (org.apache.http.NoHttpResponseException) caught when processing request to {s}->https://download.eclipse.org:443: The target server failed to respond
2020-03-21 11:49:43,437 [INFO] RetryExec:113 - Retrying request to {s}->https://download.eclipse.org:443
2020-03-21 11:49:51,054 [INFO] RetryExec:97 - I/O exception (org.apache.http.NoHttpResponseException) caught when processing request to {}->http://download.eclipse.org:80: The target server failed to respond
2020-03-21 11:49:51,055 [INFO] RetryExec:113 - Retrying request to {}->http://download.eclipse.org:80
2020-03-21 11:49:51,114 [INFO] RetryExec:97 - I/O exception (org.apache.http.NoHttpResponseException) caught when processing request to {}->http://download.eclipse.org:80: The target server failed to respond
2020-03-21 11:49:51,115 [INFO] RetryExec:113 - Retrying request to {}->http://download.eclipse.org:80
2020-03-21 11:49:52,459 [INFO] RetryExec:97 - I/O exception (org.apache.http.NoHttpResponseException) caught when processing request to {}->http://download.eclipse.org:80: The target server failed to respond
2020-03-21 11:49:52,460 [INFO] RetryExec:113 - Retrying request to {}->http://download.eclipse.org:80
2020-03-21 11:49:53,910 [INFO] RetryExec:97 - I/O exception (org.apache.http.NoHttpResponseException) caught when processing request to {}->http://download.eclipse.org:80: The target server failed to respond
2020-03-21 11:49:53,910 [INFO] RetryExec:113 - Retrying request to {}->http://download.eclipse.org:80
2020-03-21 11:50:22,889 [INFO] LogOutputStream:76 - [STDOUT_REDIRECT] ***WARNING: Display must be created on main thread due to Cocoa restrictions. Use vmarg -XstartOnFirstThread
2020-03-21 11:50:22,891 [INFO] LogOutputStream:76 - [STDOUT_REDIRECT] ***WARNING: Display must be created on main thread due to Cocoa restrictions. Use vmarg -XstartOnFirstThread
2020-03-21 11:50:32,806 [INFO] Activator:176 - 


2020-03-21 11:50:32,810 [INFO] Activator:177 - !SESSION log4j initialized
2020-03-21 11:50:36,478 [ERROR] LogOutputStream:74 - [STDERR_REDIRECT] 
